2021-08-02_12-05-01 [restartedMain] INFO  c.c.p.q.QuotesMicroserviceApplication - Starting QuotesMicroserviceApplication using Java 15.0.2 on LAPTOP-3812AT6E with PID 34024 (C:\Users\devi\Downloads\backup-deploy\Quotes-Microservice\target\classes started by devi in C:\Users\devi\Downloads\backup-deploy\Quotes-Microservice)
2021-08-02_12-05-01 [restartedMain] INFO  c.c.p.q.QuotesMicroserviceApplication - No active profile set, falling back to default profiles: default
2021-08-02_12-05-01 [restartedMain] INFO  o.s.b.d.e.DevToolsPropertyDefaultsPostProcessor - Devtools property defaults active! Set 'spring.devtools.add-properties' to 'false' to disable
2021-08-02_12-05-01 [restartedMain] INFO  o.s.b.d.e.DevToolsPropertyDefaultsPostProcessor - For additional web related logging consider setting the 'logging.level.web' property to 'DEBUG'
2021-08-02_12-05-01 [restartedMain] INFO  o.s.d.r.c.RepositoryConfigurationDelegate - Bootstrapping Spring Data JPA repositories in DEFAULT mode.
2021-08-02_12-05-01 [restartedMain] INFO  o.s.d.r.c.RepositoryConfigurationDelegate - Finished Spring Data repository scanning in 88 ms. Found 1 JPA repository interfaces.
2021-08-02_12-05-01 [restartedMain] INFO  o.s.cloud.context.scope.GenericScope - BeanFactory id=3d5c4541-bd14-38bf-b9f6-67e210cf2bf6
2021-08-02_12-05-01 [restartedMain] INFO  o.s.c.s.PostProcessorRegistrationDelegate$BeanPostProcessorChecker - Bean 'com.cognizant.pas.quotes.feign.AuthorisingClient' of type [org.springframework.cloud.openfeign.FeignClientFactoryBean] is not eligible for getting processed by all BeanPostProcessors (for example: not eligible for auto-proxying)
2021-08-02_12-05-01 [restartedMain] INFO  o.s.b.w.e.tomcat.TomcatWebServer - Tomcat initialized with port(s): 8100 (http)
2021-08-02_12-05-01 [restartedMain] INFO  o.a.coyote.http11.Http11NioProtocol - Initializing ProtocolHandler ["http-nio-8100"]
2021-08-02_12-05-01 [restartedMain] INFO  o.a.catalina.core.StandardService - Starting service [Tomcat]
2021-08-02_12-05-01 [restartedMain] INFO  o.a.catalina.core.StandardEngine - Starting Servlet engine: [Apache Tomcat/9.0.41]
2021-08-02_12-05-01 [restartedMain] INFO  o.a.c.c.C.[.[.[/quotes-api] - Initializing Spring embedded WebApplicationContext
2021-08-02_12-05-01 [restartedMain] INFO  o.s.b.w.s.c.ServletWebServerApplicationContext - Root WebApplicationContext: initialization completed in 3811 ms
2021-08-02_12-05-01 [restartedMain] INFO  com.zaxxer.hikari.HikariDataSource - HikariPool-1 - Starting...
2021-08-02_12-05-01 [restartedMain] INFO  com.zaxxer.hikari.HikariDataSource - HikariPool-1 - Start completed.
2021-08-02_12-05-01 [restartedMain] INFO  o.s.b.a.h.H2ConsoleAutoConfiguration - H2 console available at '/db'. Database available at 'jdbc:h2:mem:quotes_db'
2021-08-02_12-05-01 [restartedMain] INFO  o.s.o.j.LocalContainerEntityManagerFactoryBean - Initialized JPA EntityManagerFactory for persistence unit 'default'
2021-08-02_12-05-01 [restartedMain] INFO  s.d.s.w.PropertySourcedRequestMappingHandlerMapping - Mapped URL path [/v2/api-docs] onto method [springfox.documentation.swagger2.web.Swagger2Controller#getDocumentation(String, HttpServletRequest)]
2021-08-02_12-05-01 [restartedMain] INFO  o.s.s.c.ThreadPoolTaskExecutor - Initializing ExecutorService 'applicationTaskExecutor'
2021-08-02_12-05-01 [restartedMain] INFO  o.a.coyote.http11.Http11NioProtocol - Starting ProtocolHandler ["http-nio-8100"]
2021-08-02_12-05-01 [restartedMain] INFO  o.s.b.w.e.tomcat.TomcatWebServer - Tomcat started on port(s): 8100 (http) with context path '/quotes-api'
2021-08-02_12-05-01 [restartedMain] INFO  s.d.s.w.p.DocumentationPluginsBootstrapper - Context refreshed
2021-08-02_12-05-01 [restartedMain] INFO  s.d.s.w.p.DocumentationPluginsBootstrapper - Found 1 custom documentation plugin(s)
2021-08-02_12-05-01 [restartedMain] INFO  s.d.s.w.s.ApiListingReferenceScanner - Scanning for api listing references
2021-08-02_12-05-01 [restartedMain] INFO  c.c.p.q.QuotesMicroserviceApplication - Started QuotesMicroserviceApplication in 10.045 seconds (JVM running for 11.257)
2021-08-02_12-05-01 [http-nio-8100-exec-1] INFO  o.a.c.c.C.[.[.[/quotes-api] - Initializing Spring DispatcherServlet 'dispatcherServlet'
2021-08-02_12-05-01 [http-nio-8100-exec-1] INFO  o.s.web.servlet.DispatcherServlet - Initializing Servlet 'dispatcherServlet'
2021-08-02_12-05-01 [http-nio-8100-exec-1] INFO  o.s.web.servlet.DispatcherServlet - Completed initialization in 3 ms
2021-08-02_20-51-11 [restartedMain] INFO  c.c.p.q.QuotesMicroserviceApplication - Starting QuotesMicroserviceApplication using Java 15.0.2 on DESKTOP-1STHB3N with PID 1668 (D:\mfpe\Quotes-Microservice\target\classes started by dines in D:\mfpe\Quotes-Microservice)
2021-08-02_20-51-11 [restartedMain] INFO  c.c.p.q.QuotesMicroserviceApplication - No active profile set, falling back to default profiles: default
2021-08-02_20-51-11 [restartedMain] INFO  o.s.b.d.e.DevToolsPropertyDefaultsPostProcessor - Devtools property defaults active! Set 'spring.devtools.add-properties' to 'false' to disable
2021-08-02_20-51-11 [restartedMain] INFO  o.s.b.d.e.DevToolsPropertyDefaultsPostProcessor - For additional web related logging consider setting the 'logging.level.web' property to 'DEBUG'
2021-08-02_20-51-11 [restartedMain] INFO  o.s.d.r.c.RepositoryConfigurationDelegate - Bootstrapping Spring Data JPA repositories in DEFAULT mode.
2021-08-02_20-51-11 [restartedMain] INFO  o.s.d.r.c.RepositoryConfigurationDelegate - Finished Spring Data repository scanning in 55 ms. Found 1 JPA repository interfaces.
2021-08-02_20-51-11 [restartedMain] INFO  o.s.cloud.context.scope.GenericScope - BeanFactory id=3d5c4541-bd14-38bf-b9f6-67e210cf2bf6
2021-08-02_20-51-11 [restartedMain] INFO  o.s.c.s.PostProcessorRegistrationDelegate$BeanPostProcessorChecker - Bean 'com.cognizant.pas.quotes.feign.AuthorisingClient' of type [org.springframework.cloud.openfeign.FeignClientFactoryBean] is not eligible for getting processed by all BeanPostProcessors (for example: not eligible for auto-proxying)
2021-08-02_20-51-11 [restartedMain] INFO  o.s.b.w.e.tomcat.TomcatWebServer - Tomcat initialized with port(s): 8100 (http)
2021-08-02_20-51-11 [restartedMain] INFO  o.a.coyote.http11.Http11NioProtocol - Initializing ProtocolHandler ["http-nio-8100"]
2021-08-02_20-51-11 [restartedMain] INFO  o.a.catalina.core.StandardService - Starting service [Tomcat]
2021-08-02_20-51-11 [restartedMain] INFO  o.a.catalina.core.StandardEngine - Starting Servlet engine: [Apache Tomcat/9.0.41]
2021-08-02_20-51-11 [restartedMain] INFO  o.a.c.c.C.[.[.[/quotes-api] - Initializing Spring embedded WebApplicationContext
2021-08-02_20-51-11 [restartedMain] INFO  o.s.b.w.s.c.ServletWebServerApplicationContext - Root WebApplicationContext: initialization completed in 2119 ms
2021-08-02_20-51-11 [restartedMain] INFO  com.zaxxer.hikari.HikariDataSource - HikariPool-1 - Starting...
2021-08-02_20-51-11 [restartedMain] INFO  com.zaxxer.hikari.HikariDataSource - HikariPool-1 - Start completed.
2021-08-02_20-51-11 [restartedMain] INFO  o.s.b.a.h.H2ConsoleAutoConfiguration - H2 console available at '/db'. Database available at 'jdbc:h2:mem:quotes_db'
2021-08-02_20-51-11 [restartedMain] INFO  o.s.o.j.LocalContainerEntityManagerFactoryBean - Initialized JPA EntityManagerFactory for persistence unit 'default'
2021-08-02_20-51-11 [restartedMain] INFO  s.d.s.w.PropertySourcedRequestMappingHandlerMapping - Mapped URL path [/v2/api-docs] onto method [springfox.documentation.swagger2.web.Swagger2Controller#getDocumentation(String, HttpServletRequest)]
2021-08-02_20-51-11 [restartedMain] INFO  o.s.s.c.ThreadPoolTaskExecutor - Initializing ExecutorService 'applicationTaskExecutor'
2021-08-02_20-51-11 [restartedMain] INFO  o.a.coyote.http11.Http11NioProtocol - Starting ProtocolHandler ["http-nio-8100"]
2021-08-02_20-51-11 [restartedMain] INFO  o.s.b.w.e.tomcat.TomcatWebServer - Tomcat started on port(s): 8100 (http) with context path '/quotes-api'
2021-08-02_20-51-11 [restartedMain] INFO  s.d.s.w.p.DocumentationPluginsBootstrapper - Context refreshed
2021-08-02_20-51-11 [restartedMain] INFO  s.d.s.w.p.DocumentationPluginsBootstrapper - Found 1 custom documentation plugin(s)
2021-08-02_20-51-11 [restartedMain] INFO  s.d.s.w.s.ApiListingReferenceScanner - Scanning for api listing references
2021-08-02_20-51-11 [restartedMain] INFO  c.c.p.q.QuotesMicroserviceApplication - Started QuotesMicroserviceApplication in 5.748 seconds (JVM running for 6.496)
2021-08-02_20-51-11 [http-nio-8100-exec-1] INFO  o.a.c.c.C.[.[.[/quotes-api] - Initializing Spring DispatcherServlet 'dispatcherServlet'
2021-08-02_20-51-11 [http-nio-8100-exec-1] INFO  o.s.web.servlet.DispatcherServlet - Initializing Servlet 'dispatcherServlet'
2021-08-02_20-51-11 [http-nio-8100-exec-1] INFO  o.s.web.servlet.DispatcherServlet - Completed initialization in 4 ms
2021-08-02_20-51-11 [http-nio-8100-exec-1] INFO  c.c.p.q.controller.QuotesController - Start
2021-08-02_20-51-11 [http-nio-8100-exec-1] INFO  c.c.p.q.controller.QuotesController - End
2021-08-02_20-51-11 [http-nio-8100-exec-4] INFO  c.c.p.q.controller.QuotesController - Start
2021-08-02_20-51-11 [http-nio-8100-exec-4] INFO  c.c.p.q.controller.QuotesController - End
