2021-07-30_14-38-09 [restartedMain] INFO  c.c.p.q.QuotesMicroserviceApplication - Starting QuotesMicroserviceApplication using Java 15.0.2 on DESKTOP-1STHB3N with PID 8408 (D:\back-up-mine-j\Quotes-Microservice\target\classes started by dines in D:\back-up-mine-j\Quotes-Microservice)
2021-07-30_14-38-09 [restartedMain] INFO  c.c.p.q.QuotesMicroserviceApplication - No active profile set, falling back to default profiles: default
2021-07-30_14-38-09 [restartedMain] INFO  o.s.b.d.e.DevToolsPropertyDefaultsPostProcessor - Devtools property defaults active! Set 'spring.devtools.add-properties' to 'false' to disable
2021-07-30_14-38-09 [restartedMain] INFO  o.s.b.d.e.DevToolsPropertyDefaultsPostProcessor - For additional web related logging consider setting the 'logging.level.web' property to 'DEBUG'
2021-07-30_14-38-09 [restartedMain] INFO  o.s.d.r.c.RepositoryConfigurationDelegate - Bootstrapping Spring Data JPA repositories in DEFAULT mode.
2021-07-30_14-38-09 [restartedMain] INFO  o.s.d.r.c.RepositoryConfigurationDelegate - Finished Spring Data repository scanning in 46 ms. Found 1 JPA repository interfaces.
2021-07-30_14-38-09 [restartedMain] INFO  o.s.cloud.context.scope.GenericScope - BeanFactory id=3d5c4541-bd14-38bf-b9f6-67e210cf2bf6
2021-07-30_14-38-09 [restartedMain] INFO  o.s.c.s.PostProcessorRegistrationDelegate$BeanPostProcessorChecker - Bean 'com.cognizant.pas.quotes.feign.AuthorisingClient' of type [org.springframework.cloud.openfeign.FeignClientFactoryBean] is not eligible for getting processed by all BeanPostProcessors (for example: not eligible for auto-proxying)
2021-07-30_14-38-09 [restartedMain] INFO  o.s.b.w.e.tomcat.TomcatWebServer - Tomcat initialized with port(s): 8100 (http)
2021-07-30_14-38-09 [restartedMain] INFO  o.a.coyote.http11.Http11NioProtocol - Initializing ProtocolHandler ["http-nio-8100"]
2021-07-30_14-38-09 [restartedMain] INFO  o.a.catalina.core.StandardService - Starting service [Tomcat]
2021-07-30_14-38-09 [restartedMain] INFO  o.a.catalina.core.StandardEngine - Starting Servlet engine: [Apache Tomcat/9.0.41]
2021-07-30_14-38-09 [restartedMain] INFO  o.a.c.c.C.[.[.[/quotes-api] - Initializing Spring embedded WebApplicationContext
2021-07-30_14-38-09 [restartedMain] INFO  o.s.b.w.s.c.ServletWebServerApplicationContext - Root WebApplicationContext: initialization completed in 1921 ms
2021-07-30_14-38-09 [restartedMain] INFO  com.zaxxer.hikari.HikariDataSource - HikariPool-1 - Starting...
2021-07-30_14-38-09 [restartedMain] INFO  com.zaxxer.hikari.HikariDataSource - HikariPool-1 - Start completed.
2021-07-30_14-38-09 [restartedMain] INFO  o.s.b.a.h.H2ConsoleAutoConfiguration - H2 console available at '/db'. Database available at 'jdbc:h2:mem:quotes_db'
2021-07-30_14-38-09 [restartedMain] INFO  o.s.o.j.LocalContainerEntityManagerFactoryBean - Initialized JPA EntityManagerFactory for persistence unit 'default'
2021-07-30_14-38-09 [restartedMain] INFO  s.d.s.w.PropertySourcedRequestMappingHandlerMapping - Mapped URL path [/v2/api-docs] onto method [springfox.documentation.swagger2.web.Swagger2Controller#getDocumentation(String, HttpServletRequest)]
2021-07-30_14-38-09 [restartedMain] INFO  o.s.s.c.ThreadPoolTaskExecutor - Initializing ExecutorService 'applicationTaskExecutor'
2021-07-30_14-38-09 [restartedMain] INFO  o.a.coyote.http11.Http11NioProtocol - Starting ProtocolHandler ["http-nio-8100"]
2021-07-30_14-38-09 [restartedMain] INFO  o.s.b.w.e.tomcat.TomcatWebServer - Tomcat started on port(s): 8100 (http) with context path '/quotes-api'
2021-07-30_14-38-09 [restartedMain] INFO  s.d.s.w.p.DocumentationPluginsBootstrapper - Context refreshed
2021-07-30_14-38-09 [restartedMain] INFO  s.d.s.w.p.DocumentationPluginsBootstrapper - Found 1 custom documentation plugin(s)
2021-07-30_14-38-09 [restartedMain] INFO  s.d.s.w.s.ApiListingReferenceScanner - Scanning for api listing references
2021-07-30_14-38-09 [restartedMain] INFO  c.c.p.q.QuotesMicroserviceApplication - Started QuotesMicroserviceApplication in 4.968 seconds (JVM running for 5.722)
2021-07-30_16-58-23 [main] INFO  o.s.b.t.a.w.s.WebMvcTestContextBootstrapper - Neither @ContextConfiguration nor @ContextHierarchy found for test class [com.cognizant.pas.quotes.controller.QuotesMicroserviceControllerTest], using SpringBootContextLoader
2021-07-30_16-58-23 [main] INFO  o.s.t.c.s.AbstractContextLoader - Could not detect default resource locations for test class [com.cognizant.pas.quotes.controller.QuotesMicroserviceControllerTest]: no resource found for suffixes {-context.xml, Context.groovy}.
2021-07-30_16-58-23 [main] INFO  o.s.t.c.s.AnnotationConfigContextLoaderUtils - Could not detect default configuration classes for test class [com.cognizant.pas.quotes.controller.QuotesMicroserviceControllerTest]: QuotesMicroserviceControllerTest does not declare any static, non-private, non-final, nested classes annotated with @Configuration.
2021-07-30_16-58-23 [main] INFO  o.s.b.t.c.SpringBootTestContextBootstrapper - Found @SpringBootConfiguration com.cognizant.pas.quotes.QuotesMicroserviceApplication for test class com.cognizant.pas.quotes.controller.QuotesMicroserviceControllerTest
2021-07-30_16-58-23 [main] INFO  o.s.b.t.a.w.s.WebMvcTestContextBootstrapper - Loaded default TestExecutionListener class names from location [META-INF/spring.factories]: [org.springframework.boot.test.mock.mockito.MockitoTestExecutionListener, org.springframework.boot.test.mock.mockito.ResetMocksTestExecutionListener, org.springframework.boot.test.autoconfigure.restdocs.RestDocsTestExecutionListener, org.springframework.boot.test.autoconfigure.web.client.MockRestServiceServerResetTestExecutionListener, org.springframework.boot.test.autoconfigure.web.servlet.MockMvcPrintOnlyOnFailureTestExecutionListener, org.springframework.boot.test.autoconfigure.web.servlet.WebDriverTestExecutionListener, org.springframework.boot.test.autoconfigure.webservices.client.MockWebServiceServerTestExecutionListener, org.springframework.test.context.web.ServletTestExecutionListener, org.springframework.test.context.support.DirtiesContextBeforeModesTestExecutionListener, org.springframework.test.context.event.ApplicationEventsTestExecutionListener, org.springframework.test.context.support.DependencyInjectionTestExecutionListener, org.springframework.test.context.support.DirtiesContextTestExecutionListener, org.springframework.test.context.transaction.TransactionalTestExecutionListener, org.springframework.test.context.jdbc.SqlScriptsTestExecutionListener, org.springframework.test.context.event.EventPublishingTestExecutionListener]
2021-07-30_16-58-23 [main] INFO  o.s.b.t.a.w.s.WebMvcTestContextBootstrapper - Using TestExecutionListeners: [org.springframework.test.context.web.ServletTestExecutionListener@3d1f558a, org.springframework.test.context.support.DirtiesContextBeforeModesTestExecutionListener@6abdec0e, org.springframework.test.context.event.ApplicationEventsTestExecutionListener@28f4f300, org.springframework.boot.test.mock.mockito.MockitoTestExecutionListener@2b5c4f17, org.springframework.boot.test.autoconfigure.SpringBootDependencyInjectionTestExecutionListener@6ca8fcf3, org.springframework.test.context.support.DirtiesContextTestExecutionListener@69f0b0f4, org.springframework.test.context.transaction.TransactionalTestExecutionListener@66933239, org.springframework.test.context.jdbc.SqlScriptsTestExecutionListener@2f7efd0b, org.springframework.test.context.event.EventPublishingTestExecutionListener@41ad373, org.springframework.boot.test.mock.mockito.ResetMocksTestExecutionListener@6801b414, org.springframework.boot.test.autoconfigure.restdocs.RestDocsTestExecutionListener@177c41d7, org.springframework.boot.test.autoconfigure.web.client.MockRestServiceServerResetTestExecutionListener@4f327096, org.springframework.boot.test.autoconfigure.web.servlet.MockMvcPrintOnlyOnFailureTestExecutionListener@1d61a348, org.springframework.boot.test.autoconfigure.web.servlet.WebDriverTestExecutionListener@78a515e4, org.springframework.boot.test.autoconfigure.webservices.client.MockWebServiceServerTestExecutionListener@d2291de]
2021-07-30_16-58-25 [main] INFO  c.c.p.q.c.QuotesMicroserviceControllerTest - Starting QuotesMicroserviceControllerTest using Java 15.0.2 on DESKTOP-1STHB3N with PID 8876 (started by dines in D:\back-up-mine-j\Quotes-Microservice)
2021-07-30_16-58-25 [main] INFO  c.c.p.q.c.QuotesMicroserviceControllerTest - No active profile set, falling back to default profiles: default
2021-07-30_16-58-25 [main] INFO  o.s.d.r.c.RepositoryConfigurationDelegate - Bootstrapping Spring Data JPA repositories in DEFAULT mode.
2021-07-30_16-58-25 [main] INFO  o.s.d.r.c.RepositoryConfigurationDelegate - Finished Spring Data repository scanning in 69 ms. Found 1 JPA repository interfaces.
2021-07-30_16-58-25 [main] INFO  s.d.s.w.PropertySourcedRequestMappingHandlerMapping - Mapped URL path [/v2/api-docs] onto method [springfox.documentation.swagger2.web.Swagger2Controller#getDocumentation(String, HttpServletRequest)]
2021-07-30_16-58-25 [main] INFO  o.s.s.c.ThreadPoolTaskExecutor - Initializing ExecutorService 'applicationTaskExecutor'
2021-07-30_16-58-25 [main] INFO  o.s.b.t.m.w.SpringBootMockServletContext - Initializing Spring TestDispatcherServlet ''
2021-07-30_16-58-25 [main] INFO  o.s.t.w.s.TestDispatcherServlet - Initializing Servlet ''
2021-07-30_16-58-25 [main] INFO  o.s.t.w.s.TestDispatcherServlet - Completed initialization in 2 ms
2021-07-30_16-58-25 [main] INFO  s.d.s.w.p.DocumentationPluginsBootstrapper - Context refreshed
2021-07-30_16-58-25 [main] INFO  s.d.s.w.p.DocumentationPluginsBootstrapper - Found 1 custom documentation plugin(s)
2021-07-30_16-58-25 [main] INFO  s.d.s.w.s.ApiListingReferenceScanner - Scanning for api listing references
2021-07-30_16-58-25 [main] INFO  c.c.p.q.c.QuotesMicroserviceControllerTest - Started QuotesMicroserviceControllerTest in 4.315 seconds (JVM running for 7.285)
2021-07-30_16-58-25 [main] INFO  c.c.p.q.controller.QuotesController - Start
2021-07-30_16-58-25 [main] INFO  c.c.p.q.controller.QuotesController - Start
2021-07-30_16-58-25 [main] INFO  c.c.p.q.controller.QuotesController - End
2021-07-30_16-58-30 [main] INFO  c.c.p.q.QuotesMicroserviceApplication - Starting QuotesMicroserviceApplication using Java 15.0.2 on DESKTOP-1STHB3N with PID 8876 (started by dines in D:\back-up-mine-j\Quotes-Microservice)
2021-07-30_16-58-30 [main] INFO  c.c.p.q.QuotesMicroserviceApplication - No active profile set, falling back to default profiles: default
2021-07-30_16-58-30 [main] INFO  o.s.d.r.c.RepositoryConfigurationDelegate - Bootstrapping Spring Data JPA repositories in DEFAULT mode.
2021-07-30_16-58-30 [main] INFO  o.s.d.r.c.RepositoryConfigurationDelegate - Finished Spring Data repository scanning in 10 ms. Found 1 JPA repository interfaces.
2021-07-30_16-58-30 [main] INFO  o.s.cloud.context.scope.GenericScope - BeanFactory id=e273a9f1-54cf-347b-b261-725e893cfbd1
2021-07-30_16-58-30 [main] INFO  o.s.c.s.PostProcessorRegistrationDelegate$BeanPostProcessorChecker - Bean 'com.cognizant.pas.quotes.feign.AuthorisingClient' of type [org.springframework.cloud.openfeign.FeignClientFactoryBean] is not eligible for getting processed by all BeanPostProcessors (for example: not eligible for auto-proxying)
2021-07-30_16-58-30 [main] INFO  o.s.b.w.e.tomcat.TomcatWebServer - Tomcat initialized with port(s): 8100 (http)
2021-07-30_16-58-30 [main] INFO  o.a.coyote.http11.Http11NioProtocol - Initializing ProtocolHandler ["http-nio-8100"]
2021-07-30_16-58-30 [main] INFO  o.a.catalina.core.StandardService - Starting service [Tomcat]
2021-07-30_16-58-30 [main] INFO  o.a.catalina.core.StandardEngine - Starting Servlet engine: [Apache Tomcat/9.0.41]
2021-07-30_16-58-30 [main] INFO  o.a.c.c.C.[.[.[/quotes-api] - Initializing Spring embedded WebApplicationContext
2021-07-30_16-58-30 [main] INFO  o.s.b.w.s.c.ServletWebServerApplicationContext - Root WebApplicationContext: initialization completed in 1432 ms
2021-07-30_16-58-30 [main] INFO  com.zaxxer.hikari.HikariDataSource - HikariPool-1 - Starting...
2021-07-30_16-58-30 [main] INFO  com.zaxxer.hikari.HikariDataSource - HikariPool-1 - Start completed.
2021-07-30_16-58-30 [main] INFO  o.s.b.a.h.H2ConsoleAutoConfiguration - H2 console available at '/db'. Database available at 'jdbc:h2:mem:quotes_db'
2021-07-30_16-58-30 [main] INFO  o.s.o.j.LocalContainerEntityManagerFactoryBean - Initialized JPA EntityManagerFactory for persistence unit 'default'
2021-07-30_16-58-30 [main] INFO  s.d.s.w.PropertySourcedRequestMappingHandlerMapping - Mapped URL path [/v2/api-docs] onto method [springfox.documentation.swagger2.web.Swagger2Controller#getDocumentation(String, HttpServletRequest)]
2021-07-30_16-58-30 [main] INFO  o.s.s.c.ThreadPoolTaskExecutor - Initializing ExecutorService 'applicationTaskExecutor'
2021-07-30_16-58-30 [main] INFO  o.a.coyote.http11.Http11NioProtocol - Starting ProtocolHandler ["http-nio-8100"]
2021-07-30_16-58-30 [main] INFO  o.s.b.w.e.tomcat.TomcatWebServer - Tomcat started on port(s): 8100 (http) with context path '/quotes-api'
2021-07-30_16-58-30 [main] INFO  s.d.s.w.p.DocumentationPluginsBootstrapper - Context refreshed
2021-07-30_16-58-30 [main] INFO  s.d.s.w.p.DocumentationPluginsBootstrapper - Found 1 custom documentation plugin(s)
2021-07-30_16-58-30 [main] INFO  s.d.s.w.s.ApiListingReferenceScanner - Scanning for api listing references
2021-07-30_16-58-30 [main] INFO  c.c.p.q.QuotesMicroserviceApplication - Started QuotesMicroserviceApplication in 5.135 seconds (JVM running for 12.806)
2021-07-30_16-58-30 [main] INFO  o.s.b.t.c.SpringBootTestContextBootstrapper - Neither @ContextConfiguration nor @ContextHierarchy found for test class [com.cognizant.pas.quotes.exception.AuthorizationExceptionTest], using SpringBootContextLoader
2021-07-30_16-58-30 [main] INFO  o.s.t.c.s.AbstractContextLoader - Could not detect default resource locations for test class [com.cognizant.pas.quotes.exception.AuthorizationExceptionTest]: no resource found for suffixes {-context.xml, Context.groovy}.
2021-07-30_16-58-30 [main] INFO  o.s.t.c.s.AnnotationConfigContextLoaderUtils - Could not detect default configuration classes for test class [com.cognizant.pas.quotes.exception.AuthorizationExceptionTest]: AuthorizationExceptionTest does not declare any static, non-private, non-final, nested classes annotated with @Configuration.
2021-07-30_16-58-30 [main] INFO  o.s.b.t.c.SpringBootTestContextBootstrapper - Found @SpringBootConfiguration com.cognizant.pas.quotes.QuotesMicroserviceApplication for test class com.cognizant.pas.quotes.exception.AuthorizationExceptionTest
2021-07-30_16-58-30 [main] INFO  o.s.b.t.c.SpringBootTestContextBootstrapper - Loaded default TestExecutionListener class names from location [META-INF/spring.factories]: [org.springframework.boot.test.mock.mockito.MockitoTestExecutionListener, org.springframework.boot.test.mock.mockito.ResetMocksTestExecutionListener, org.springframework.boot.test.autoconfigure.restdocs.RestDocsTestExecutionListener, org.springframework.boot.test.autoconfigure.web.client.MockRestServiceServerResetTestExecutionListener, org.springframework.boot.test.autoconfigure.web.servlet.MockMvcPrintOnlyOnFailureTestExecutionListener, org.springframework.boot.test.autoconfigure.web.servlet.WebDriverTestExecutionListener, org.springframework.boot.test.autoconfigure.webservices.client.MockWebServiceServerTestExecutionListener, org.springframework.test.context.web.ServletTestExecutionListener, org.springframework.test.context.support.DirtiesContextBeforeModesTestExecutionListener, org.springframework.test.context.event.ApplicationEventsTestExecutionListener, org.springframework.test.context.support.DependencyInjectionTestExecutionListener, org.springframework.test.context.support.DirtiesContextTestExecutionListener, org.springframework.test.context.transaction.TransactionalTestExecutionListener, org.springframework.test.context.jdbc.SqlScriptsTestExecutionListener, org.springframework.test.context.event.EventPublishingTestExecutionListener]
2021-07-30_16-58-30 [main] INFO  o.s.b.t.c.SpringBootTestContextBootstrapper - Using TestExecutionListeners: [org.springframework.test.context.web.ServletTestExecutionListener@7b44a190, org.springframework.test.context.support.DirtiesContextBeforeModesTestExecutionListener@6dcdba40, org.springframework.test.context.event.ApplicationEventsTestExecutionListener@70858240, org.springframework.boot.test.mock.mockito.MockitoTestExecutionListener@5e3d816, org.springframework.boot.test.autoconfigure.SpringBootDependencyInjectionTestExecutionListener@5b75a11b, org.springframework.test.context.support.DirtiesContextTestExecutionListener@5b6a0f8f, org.springframework.test.context.transaction.TransactionalTestExecutionListener@7a11120, org.springframework.test.context.jdbc.SqlScriptsTestExecutionListener@1c195aaa, org.springframework.test.context.event.EventPublishingTestExecutionListener@6a924d4b, org.springframework.boot.test.mock.mockito.ResetMocksTestExecutionListener@618f21e1, org.springframework.boot.test.autoconfigure.restdocs.RestDocsTestExecutionListener@6ea814e1, org.springframework.boot.test.autoconfigure.web.client.MockRestServiceServerResetTestExecutionListener@3832df94, org.springframework.boot.test.autoconfigure.web.servlet.MockMvcPrintOnlyOnFailureTestExecutionListener@403235cc, org.springframework.boot.test.autoconfigure.web.servlet.WebDriverTestExecutionListener@58aa8402, org.springframework.boot.test.autoconfigure.webservices.client.MockWebServiceServerTestExecutionListener@768b8cea]
2021-07-30_16-58-35 [main] INFO  c.c.p.q.e.AuthorizationExceptionTest - Starting AuthorizationExceptionTest using Java 15.0.2 on DESKTOP-1STHB3N with PID 8876 (started by dines in D:\back-up-mine-j\Quotes-Microservice)
2021-07-30_16-58-35 [main] INFO  c.c.p.q.e.AuthorizationExceptionTest - No active profile set, falling back to default profiles: default
2021-07-30_16-58-35 [main] INFO  o.s.d.r.c.RepositoryConfigurationDelegate - Bootstrapping Spring Data JPA repositories in DEFAULT mode.
2021-07-30_16-58-35 [main] INFO  o.s.d.r.c.RepositoryConfigurationDelegate - Finished Spring Data repository scanning in 8 ms. Found 1 JPA repository interfaces.
2021-07-30_16-58-35 [main] INFO  o.s.cloud.context.scope.GenericScope - BeanFactory id=7fee3093-46a4-302a-9e2c-5905802ce152
2021-07-30_16-58-35 [main] INFO  com.zaxxer.hikari.HikariDataSource - HikariPool-2 - Starting...
2021-07-30_16-58-35 [main] INFO  com.zaxxer.hikari.HikariDataSource - HikariPool-2 - Start completed.
2021-07-30_16-58-35 [main] INFO  o.s.o.j.LocalContainerEntityManagerFactoryBean - Initialized JPA EntityManagerFactory for persistence unit 'default'
2021-07-30_16-58-35 [main] INFO  o.s.b.a.h.H2ConsoleAutoConfiguration - H2 console available at '/db'. Database available at 'jdbc:h2:mem:quotes_db'
2021-07-30_16-58-35 [main] INFO  s.d.s.w.PropertySourcedRequestMappingHandlerMapping - Mapped URL path [/v2/api-docs] onto method [springfox.documentation.swagger2.web.Swagger2Controller#getDocumentation(String, HttpServletRequest)]
2021-07-30_16-58-35 [main] INFO  o.s.s.c.ThreadPoolTaskExecutor - Initializing ExecutorService 'applicationTaskExecutor'
2021-07-30_16-58-35 [main] INFO  s.d.s.w.p.DocumentationPluginsBootstrapper - Context refreshed
2021-07-30_16-58-35 [main] INFO  s.d.s.w.p.DocumentationPluginsBootstrapper - Found 1 custom documentation plugin(s)
2021-07-30_16-58-35 [main] INFO  s.d.s.w.s.ApiListingReferenceScanner - Scanning for api listing references
2021-07-30_16-58-35 [main] INFO  c.c.p.q.e.AuthorizationExceptionTest - Started AuthorizationExceptionTest in 1.856 seconds (JVM running for 14.683)
2021-07-30_16-58-35 [main] INFO  o.s.b.t.c.SpringBootTestContextBootstrapper - Neither @ContextConfiguration nor @ContextHierarchy found for test class [com.cognizant.pas.quotes.exception.ExceptionDetailsTest], using SpringBootContextLoader
2021-07-30_16-58-35 [main] INFO  o.s.t.c.s.AbstractContextLoader - Could not detect default resource locations for test class [com.cognizant.pas.quotes.exception.ExceptionDetailsTest]: no resource found for suffixes {-context.xml, Context.groovy}.
2021-07-30_16-58-35 [main] INFO  o.s.t.c.s.AnnotationConfigContextLoaderUtils - Could not detect default configuration classes for test class [com.cognizant.pas.quotes.exception.ExceptionDetailsTest]: ExceptionDetailsTest does not declare any static, non-private, non-final, nested classes annotated with @Configuration.
2021-07-30_16-58-35 [main] INFO  o.s.b.t.c.SpringBootTestContextBootstrapper - Found @SpringBootConfiguration com.cognizant.pas.quotes.QuotesMicroserviceApplication for test class com.cognizant.pas.quotes.exception.ExceptionDetailsTest
2021-07-30_16-58-35 [main] INFO  o.s.b.t.c.SpringBootTestContextBootstrapper - Loaded default TestExecutionListener class names from location [META-INF/spring.factories]: [org.springframework.boot.test.mock.mockito.MockitoTestExecutionListener, org.springframework.boot.test.mock.mockito.ResetMocksTestExecutionListener, org.springframework.boot.test.autoconfigure.restdocs.RestDocsTestExecutionListener, org.springframework.boot.test.autoconfigure.web.client.MockRestServiceServerResetTestExecutionListener, org.springframework.boot.test.autoconfigure.web.servlet.MockMvcPrintOnlyOnFailureTestExecutionListener, org.springframework.boot.test.autoconfigure.web.servlet.WebDriverTestExecutionListener, org.springframework.boot.test.autoconfigure.webservices.client.MockWebServiceServerTestExecutionListener, org.springframework.test.context.web.ServletTestExecutionListener, org.springframework.test.context.support.DirtiesContextBeforeModesTestExecutionListener, org.springframework.test.context.event.ApplicationEventsTestExecutionListener, org.springframework.test.context.support.DependencyInjectionTestExecutionListener, org.springframework.test.context.support.DirtiesContextTestExecutionListener, org.springframework.test.context.transaction.TransactionalTestExecutionListener, org.springframework.test.context.jdbc.SqlScriptsTestExecutionListener, org.springframework.test.context.event.EventPublishingTestExecutionListener]
2021-07-30_16-58-35 [main] INFO  o.s.b.t.c.SpringBootTestContextBootstrapper - Using TestExecutionListeners: [org.springframework.test.context.web.ServletTestExecutionListener@6acb728c, org.springframework.test.context.support.DirtiesContextBeforeModesTestExecutionListener@68c97dc3, org.springframework.test.context.event.ApplicationEventsTestExecutionListener@367f761b, org.springframework.boot.test.mock.mockito.MockitoTestExecutionListener@2f7925e9, org.springframework.boot.test.autoconfigure.SpringBootDependencyInjectionTestExecutionListener@1e176d98, org.springframework.test.context.support.DirtiesContextTestExecutionListener@3d932cfc, org.springframework.test.context.transaction.TransactionalTestExecutionListener@70115afb, org.springframework.test.context.jdbc.SqlScriptsTestExecutionListener@16a17f7d, org.springframework.test.context.event.EventPublishingTestExecutionListener@337fab9c, org.springframework.boot.test.mock.mockito.ResetMocksTestExecutionListener@17af85c3, org.springframework.boot.test.autoconfigure.restdocs.RestDocsTestExecutionListener@6d13d34f, org.springframework.boot.test.autoconfigure.web.client.MockRestServiceServerResetTestExecutionListener@70540307, org.springframework.boot.test.autoconfigure.web.servlet.MockMvcPrintOnlyOnFailureTestExecutionListener@3e3975da, org.springframework.boot.test.autoconfigure.web.servlet.WebDriverTestExecutionListener@55537e43, org.springframework.boot.test.autoconfigure.webservices.client.MockWebServiceServerTestExecutionListener@26a9560d]
2021-07-30_16-58-37 [main] INFO  c.c.p.q.e.ExceptionDetailsTest - Starting ExceptionDetailsTest using Java 15.0.2 on DESKTOP-1STHB3N with PID 8876 (started by dines in D:\back-up-mine-j\Quotes-Microservice)
2021-07-30_16-58-37 [main] INFO  c.c.p.q.e.ExceptionDetailsTest - No active profile set, falling back to default profiles: default
2021-07-30_16-58-37 [main] INFO  o.s.d.r.c.RepositoryConfigurationDelegate - Bootstrapping Spring Data JPA repositories in DEFAULT mode.
2021-07-30_16-58-37 [main] INFO  o.s.d.r.c.RepositoryConfigurationDelegate - Finished Spring Data repository scanning in 10 ms. Found 1 JPA repository interfaces.
2021-07-30_16-58-37 [main] INFO  o.s.cloud.context.scope.GenericScope - BeanFactory id=7fee3093-46a4-302a-9e2c-5905802ce152
2021-07-30_16-58-37 [main] INFO  o.s.c.s.PostProcessorRegistrationDelegate$BeanPostProcessorChecker - Bean 'com.cognizant.pas.quotes.feign.AuthorisingClient' of type [org.springframework.cloud.openfeign.FeignClientFactoryBean] is not eligible for getting processed by all BeanPostProcessors (for example: not eligible for auto-proxying)
2021-07-30_16-58-37 [main] INFO  com.zaxxer.hikari.HikariDataSource - HikariPool-3 - Starting...
2021-07-30_16-58-37 [main] INFO  com.zaxxer.hikari.HikariDataSource - HikariPool-3 - Start completed.
2021-07-30_16-58-37 [main] INFO  o.s.o.j.LocalContainerEntityManagerFactoryBean - Initialized JPA EntityManagerFactory for persistence unit 'default'
2021-07-30_16-58-37 [main] INFO  o.s.b.a.h.H2ConsoleAutoConfiguration - H2 console available at '/db'. Database available at 'jdbc:h2:mem:quotes_db'
2021-07-30_16-58-37 [main] INFO  s.d.s.w.PropertySourcedRequestMappingHandlerMapping - Mapped URL path [/v2/api-docs] onto method [springfox.documentation.swagger2.web.Swagger2Controller#getDocumentation(String, HttpServletRequest)]
2021-07-30_16-58-37 [main] INFO  o.s.s.c.ThreadPoolTaskExecutor - Initializing ExecutorService 'applicationTaskExecutor'
2021-07-30_16-58-37 [main] INFO  s.d.s.w.p.DocumentationPluginsBootstrapper - Context refreshed
2021-07-30_16-58-37 [main] INFO  s.d.s.w.p.DocumentationPluginsBootstrapper - Found 1 custom documentation plugin(s)
2021-07-30_16-58-37 [main] INFO  s.d.s.w.s.ApiListingReferenceScanner - Scanning for api listing references
2021-07-30_16-58-37 [main] INFO  c.c.p.q.e.ExceptionDetailsTest - Started ExceptionDetailsTest in 1.827 seconds (JVM running for 16.538)
2021-07-30_16-58-37 [main] INFO  o.s.b.t.c.SpringBootTestContextBootstrapper - Neither @ContextConfiguration nor @ContextHierarchy found for test class [com.cognizant.pas.quotes.exception.GlobalExceptionHandlerTest], using SpringBootContextLoader
2021-07-30_16-58-37 [main] INFO  o.s.t.c.s.AbstractContextLoader - Could not detect default resource locations for test class [com.cognizant.pas.quotes.exception.GlobalExceptionHandlerTest]: no resource found for suffixes {-context.xml, Context.groovy}.
2021-07-30_16-58-37 [main] INFO  o.s.t.c.s.AnnotationConfigContextLoaderUtils - Could not detect default configuration classes for test class [com.cognizant.pas.quotes.exception.GlobalExceptionHandlerTest]: GlobalExceptionHandlerTest does not declare any static, non-private, non-final, nested classes annotated with @Configuration.
2021-07-30_16-58-37 [main] INFO  o.s.b.t.c.SpringBootTestContextBootstrapper - Found @SpringBootConfiguration com.cognizant.pas.quotes.QuotesMicroserviceApplication for test class com.cognizant.pas.quotes.exception.GlobalExceptionHandlerTest
2021-07-30_16-58-37 [main] INFO  o.s.b.t.c.SpringBootTestContextBootstrapper - Loaded default TestExecutionListener class names from location [META-INF/spring.factories]: [org.springframework.boot.test.mock.mockito.MockitoTestExecutionListener, org.springframework.boot.test.mock.mockito.ResetMocksTestExecutionListener, org.springframework.boot.test.autoconfigure.restdocs.RestDocsTestExecutionListener, org.springframework.boot.test.autoconfigure.web.client.MockRestServiceServerResetTestExecutionListener, org.springframework.boot.test.autoconfigure.web.servlet.MockMvcPrintOnlyOnFailureTestExecutionListener, org.springframework.boot.test.autoconfigure.web.servlet.WebDriverTestExecutionListener, org.springframework.boot.test.autoconfigure.webservices.client.MockWebServiceServerTestExecutionListener, org.springframework.test.context.web.ServletTestExecutionListener, org.springframework.test.context.support.DirtiesContextBeforeModesTestExecutionListener, org.springframework.test.context.event.ApplicationEventsTestExecutionListener, org.springframework.test.context.support.DependencyInjectionTestExecutionListener, org.springframework.test.context.support.DirtiesContextTestExecutionListener, org.springframework.test.context.transaction.TransactionalTestExecutionListener, org.springframework.test.context.jdbc.SqlScriptsTestExecutionListener, org.springframework.test.context.event.EventPublishingTestExecutionListener]
2021-07-30_16-58-37 [main] INFO  o.s.b.t.c.SpringBootTestContextBootstrapper - Using TestExecutionListeners: [org.springframework.test.context.web.ServletTestExecutionListener@210ba740, org.springframework.test.context.support.DirtiesContextBeforeModesTestExecutionListener@339d8dc2, org.springframework.test.context.event.ApplicationEventsTestExecutionListener@3307d4f, org.springframework.boot.test.mock.mockito.MockitoTestExecutionListener@6f87ec56, org.springframework.boot.test.autoconfigure.SpringBootDependencyInjectionTestExecutionListener@13ca6741, org.springframework.test.context.support.DirtiesContextTestExecutionListener@4ce61b67, org.springframework.test.context.transaction.TransactionalTestExecutionListener@4cbccdb1, org.springframework.test.context.jdbc.SqlScriptsTestExecutionListener@1c896d2c, org.springframework.test.context.event.EventPublishingTestExecutionListener@5cb9f193, org.springframework.boot.test.mock.mockito.ResetMocksTestExecutionListener@20f8f440, org.springframework.boot.test.autoconfigure.restdocs.RestDocsTestExecutionListener@a0374ab, org.springframework.boot.test.autoconfigure.web.client.MockRestServiceServerResetTestExecutionListener@5db488ca, org.springframework.boot.test.autoconfigure.web.servlet.MockMvcPrintOnlyOnFailureTestExecutionListener@4e92cf86, org.springframework.boot.test.autoconfigure.web.servlet.WebDriverTestExecutionListener@29af78e0, org.springframework.boot.test.autoconfigure.webservices.client.MockWebServiceServerTestExecutionListener@3898e752]
2021-07-30_16-58-37 [SpringContextShutdownHook] INFO  o.s.s.c.ThreadPoolTaskExecutor - Shutting down ExecutorService 'applicationTaskExecutor'
2021-07-30_16-58-37 [SpringContextShutdownHook] INFO  o.s.s.c.ThreadPoolTaskExecutor - Shutting down ExecutorService 'applicationTaskExecutor'
2021-07-30_16-58-37 [SpringContextShutdownHook] INFO  o.s.s.c.ThreadPoolTaskExecutor - Shutting down ExecutorService 'applicationTaskExecutor'
2021-07-30_16-58-37 [SpringContextShutdownHook] INFO  o.s.o.j.LocalContainerEntityManagerFactoryBean - Closing JPA EntityManagerFactory for persistence unit 'default'
2021-07-30_16-58-37 [SpringContextShutdownHook] INFO  o.s.o.j.LocalContainerEntityManagerFactoryBean - Closing JPA EntityManagerFactory for persistence unit 'default'
2021-07-30_16-58-37 [SpringContextShutdownHook] INFO  com.zaxxer.hikari.HikariDataSource - HikariPool-3 - Shutdown initiated...
2021-07-30_16-58-37 [SpringContextShutdownHook] INFO  com.zaxxer.hikari.HikariDataSource - HikariPool-2 - Shutdown initiated...
2021-07-30_16-58-37 [SpringContextShutdownHook] INFO  com.zaxxer.hikari.HikariDataSource - HikariPool-3 - Shutdown completed.
2021-07-30_16-58-37 [SpringContextShutdownHook] INFO  com.zaxxer.hikari.HikariDataSource - HikariPool-2 - Shutdown completed.
2021-07-30_16-58-37 [SpringContextShutdownHook] INFO  o.s.s.c.ThreadPoolTaskExecutor - Shutting down ExecutorService 'applicationTaskExecutor'
2021-07-30_16-58-37 [SpringContextShutdownHook] INFO  o.s.o.j.LocalContainerEntityManagerFactoryBean - Closing JPA EntityManagerFactory for persistence unit 'default'
2021-07-30_16-58-37 [SpringContextShutdownHook] INFO  com.zaxxer.hikari.HikariDataSource - HikariPool-1 - Shutdown initiated...
2021-07-30_16-58-37 [SpringContextShutdownHook] INFO  com.zaxxer.hikari.HikariDataSource - HikariPool-1 - Shutdown completed.
2021-07-30_17-00-56 [restartedMain] INFO  c.c.p.q.QuotesMicroserviceApplication - Starting QuotesMicroserviceApplication using Java 15.0.2 on DESKTOP-1STHB3N with PID 17396 (D:\back-up-mine-j\Quotes-Microservice\target\classes started by dines in D:\back-up-mine-j\Quotes-Microservice)
2021-07-30_17-00-56 [restartedMain] INFO  c.c.p.q.QuotesMicroserviceApplication - No active profile set, falling back to default profiles: default
2021-07-30_17-00-56 [restartedMain] INFO  o.s.b.d.e.DevToolsPropertyDefaultsPostProcessor - Devtools property defaults active! Set 'spring.devtools.add-properties' to 'false' to disable
2021-07-30_17-00-56 [restartedMain] INFO  o.s.b.d.e.DevToolsPropertyDefaultsPostProcessor - For additional web related logging consider setting the 'logging.level.web' property to 'DEBUG'
2021-07-30_17-00-56 [restartedMain] INFO  o.s.d.r.c.RepositoryConfigurationDelegate - Bootstrapping Spring Data JPA repositories in DEFAULT mode.
2021-07-30_17-00-56 [restartedMain] INFO  o.s.d.r.c.RepositoryConfigurationDelegate - Finished Spring Data repository scanning in 51 ms. Found 1 JPA repository interfaces.
2021-07-30_17-00-56 [restartedMain] INFO  o.s.cloud.context.scope.GenericScope - BeanFactory id=3d5c4541-bd14-38bf-b9f6-67e210cf2bf6
2021-07-30_17-00-56 [restartedMain] INFO  o.s.c.s.PostProcessorRegistrationDelegate$BeanPostProcessorChecker - Bean 'com.cognizant.pas.quotes.feign.AuthorisingClient' of type [org.springframework.cloud.openfeign.FeignClientFactoryBean] is not eligible for getting processed by all BeanPostProcessors (for example: not eligible for auto-proxying)
2021-07-30_17-00-56 [restartedMain] INFO  o.s.b.w.e.tomcat.TomcatWebServer - Tomcat initialized with port(s): 8100 (http)
2021-07-30_17-00-56 [restartedMain] INFO  o.a.coyote.http11.Http11NioProtocol - Initializing ProtocolHandler ["http-nio-8100"]
2021-07-30_17-00-56 [restartedMain] INFO  o.a.catalina.core.StandardService - Starting service [Tomcat]
2021-07-30_17-00-56 [restartedMain] INFO  o.a.catalina.core.StandardEngine - Starting Servlet engine: [Apache Tomcat/9.0.41]
2021-07-30_17-00-56 [restartedMain] INFO  o.a.c.c.C.[.[.[/quotes-api] - Initializing Spring embedded WebApplicationContext
2021-07-30_17-00-56 [restartedMain] INFO  o.s.b.w.s.c.ServletWebServerApplicationContext - Root WebApplicationContext: initialization completed in 2186 ms
2021-07-30_17-00-56 [restartedMain] INFO  com.zaxxer.hikari.HikariDataSource - HikariPool-1 - Starting...
2021-07-30_17-00-56 [restartedMain] INFO  com.zaxxer.hikari.HikariDataSource - HikariPool-1 - Start completed.
2021-07-30_17-00-56 [restartedMain] INFO  o.s.b.a.h.H2ConsoleAutoConfiguration - H2 console available at '/db'. Database available at 'jdbc:h2:mem:quotes_db'
2021-07-30_17-00-56 [restartedMain] INFO  o.s.o.j.LocalContainerEntityManagerFactoryBean - Initialized JPA EntityManagerFactory for persistence unit 'default'
2021-07-30_17-00-56 [restartedMain] INFO  s.d.s.w.PropertySourcedRequestMappingHandlerMapping - Mapped URL path [/v2/api-docs] onto method [springfox.documentation.swagger2.web.Swagger2Controller#getDocumentation(String, HttpServletRequest)]
2021-07-30_17-00-56 [restartedMain] INFO  o.s.s.c.ThreadPoolTaskExecutor - Initializing ExecutorService 'applicationTaskExecutor'
2021-07-30_17-00-56 [restartedMain] INFO  o.a.coyote.http11.Http11NioProtocol - Starting ProtocolHandler ["http-nio-8100"]
2021-07-30_17-00-56 [restartedMain] INFO  o.s.b.w.e.tomcat.TomcatWebServer - Tomcat started on port(s): 8100 (http) with context path '/quotes-api'
2021-07-30_17-00-56 [restartedMain] INFO  s.d.s.w.p.DocumentationPluginsBootstrapper - Context refreshed
2021-07-30_17-00-56 [restartedMain] INFO  s.d.s.w.p.DocumentationPluginsBootstrapper - Found 1 custom documentation plugin(s)
2021-07-30_17-00-56 [restartedMain] INFO  s.d.s.w.s.ApiListingReferenceScanner - Scanning for api listing references
2021-07-30_17-00-56 [restartedMain] INFO  c.c.p.q.QuotesMicroserviceApplication - Started QuotesMicroserviceApplication in 5.707 seconds (JVM running for 6.384)
2021-07-30_17-00-56 [http-nio-8100-exec-1] INFO  o.a.c.c.C.[.[.[/quotes-api] - Initializing Spring DispatcherServlet 'dispatcherServlet'
2021-07-30_17-00-56 [http-nio-8100-exec-1] INFO  o.s.web.servlet.DispatcherServlet - Initializing Servlet 'dispatcherServlet'
2021-07-30_17-00-56 [http-nio-8100-exec-1] INFO  o.s.web.servlet.DispatcherServlet - Completed initialization in 1 ms
2021-07-30_17-00-56 [http-nio-8100-exec-1] INFO  c.c.p.q.controller.QuotesController - Start
2021-07-30_17-00-56 [http-nio-8100-exec-1] INFO  c.c.p.q.controller.QuotesController - End
2021-07-30_17-00-56 [http-nio-8100-exec-4] INFO  c.c.p.q.controller.QuotesController - Start
2021-07-30_17-00-56 [http-nio-8100-exec-4] INFO  c.c.p.q.controller.QuotesController - End
2021-07-30_18-26-31 [restartedMain] INFO  c.c.p.q.QuotesMicroserviceApplication - Starting QuotesMicroserviceApplication using Java 15.0.2 on LAPTOP-3812AT6E with PID 31648 (C:\Users\devi\Downloads\Final-Backup\Quotes-Microservice\target\classes started by devi in C:\Users\devi\Downloads\Final-Backup\Quotes-Microservice)
2021-07-30_18-26-31 [restartedMain] INFO  c.c.p.q.QuotesMicroserviceApplication - No active profile set, falling back to default profiles: default
2021-07-30_18-26-31 [restartedMain] INFO  o.s.b.d.e.DevToolsPropertyDefaultsPostProcessor - Devtools property defaults active! Set 'spring.devtools.add-properties' to 'false' to disable
2021-07-30_18-26-31 [restartedMain] INFO  o.s.b.d.e.DevToolsPropertyDefaultsPostProcessor - For additional web related logging consider setting the 'logging.level.web' property to 'DEBUG'
2021-07-30_18-26-31 [restartedMain] INFO  o.s.d.r.c.RepositoryConfigurationDelegate - Bootstrapping Spring Data JPA repositories in DEFAULT mode.
2021-07-30_18-26-31 [restartedMain] INFO  o.s.d.r.c.RepositoryConfigurationDelegate - Finished Spring Data repository scanning in 68 ms. Found 1 JPA repository interfaces.
2021-07-30_18-26-31 [restartedMain] INFO  o.s.cloud.context.scope.GenericScope - BeanFactory id=3d5c4541-bd14-38bf-b9f6-67e210cf2bf6
2021-07-30_18-26-31 [restartedMain] INFO  o.s.c.s.PostProcessorRegistrationDelegate$BeanPostProcessorChecker - Bean 'com.cognizant.pas.quotes.feign.AuthorisingClient' of type [org.springframework.cloud.openfeign.FeignClientFactoryBean] is not eligible for getting processed by all BeanPostProcessors (for example: not eligible for auto-proxying)
2021-07-30_18-26-31 [restartedMain] INFO  o.s.b.w.e.tomcat.TomcatWebServer - Tomcat initialized with port(s): 8100 (http)
2021-07-30_18-26-31 [restartedMain] INFO  o.a.coyote.http11.Http11NioProtocol - Initializing ProtocolHandler ["http-nio-8100"]
2021-07-30_18-26-31 [restartedMain] INFO  o.a.catalina.core.StandardService - Starting service [Tomcat]
2021-07-30_18-26-31 [restartedMain] INFO  o.a.catalina.core.StandardEngine - Starting Servlet engine: [Apache Tomcat/9.0.41]
2021-07-30_18-26-31 [restartedMain] INFO  o.a.c.c.C.[.[.[/quotes-api] - Initializing Spring embedded WebApplicationContext
2021-07-30_18-26-31 [restartedMain] INFO  o.s.b.w.s.c.ServletWebServerApplicationContext - Root WebApplicationContext: initialization completed in 3398 ms
2021-07-30_18-26-31 [restartedMain] INFO  com.zaxxer.hikari.HikariDataSource - HikariPool-1 - Starting...
2021-07-30_18-26-31 [restartedMain] INFO  com.zaxxer.hikari.HikariDataSource - HikariPool-1 - Start completed.
2021-07-30_18-26-31 [restartedMain] INFO  o.s.b.a.h.H2ConsoleAutoConfiguration - H2 console available at '/db'. Database available at 'jdbc:h2:mem:quotes_db'
2021-07-30_18-26-31 [restartedMain] INFO  o.s.o.j.LocalContainerEntityManagerFactoryBean - Initialized JPA EntityManagerFactory for persistence unit 'default'
2021-07-30_18-26-31 [restartedMain] INFO  s.d.s.w.PropertySourcedRequestMappingHandlerMapping - Mapped URL path [/v2/api-docs] onto method [springfox.documentation.swagger2.web.Swagger2Controller#getDocumentation(String, HttpServletRequest)]
2021-07-30_18-26-31 [restartedMain] INFO  o.s.s.c.ThreadPoolTaskExecutor - Initializing ExecutorService 'applicationTaskExecutor'
2021-07-30_18-26-31 [restartedMain] INFO  o.a.coyote.http11.Http11NioProtocol - Starting ProtocolHandler ["http-nio-8100"]
2021-07-30_18-26-31 [restartedMain] INFO  o.s.b.w.e.tomcat.TomcatWebServer - Tomcat started on port(s): 8100 (http) with context path '/quotes-api'
2021-07-30_18-26-31 [restartedMain] INFO  s.d.s.w.p.DocumentationPluginsBootstrapper - Context refreshed
2021-07-30_18-26-31 [restartedMain] INFO  s.d.s.w.p.DocumentationPluginsBootstrapper - Found 1 custom documentation plugin(s)
2021-07-30_18-26-31 [restartedMain] INFO  s.d.s.w.s.ApiListingReferenceScanner - Scanning for api listing references
2021-07-30_18-26-31 [restartedMain] INFO  c.c.p.q.QuotesMicroserviceApplication - Started QuotesMicroserviceApplication in 8.783 seconds (JVM running for 10.4)
2021-07-30_18-26-31 [http-nio-8100-exec-1] INFO  o.a.c.c.C.[.[.[/quotes-api] - Initializing Spring DispatcherServlet 'dispatcherServlet'
2021-07-30_18-26-31 [http-nio-8100-exec-1] INFO  o.s.web.servlet.DispatcherServlet - Initializing Servlet 'dispatcherServlet'
2021-07-30_18-26-31 [http-nio-8100-exec-1] INFO  o.s.web.servlet.DispatcherServlet - Completed initialization in 45 ms
2021-07-30_18-26-31 [http-nio-8100-exec-1] INFO  c.c.p.q.controller.QuotesController - Start
2021-07-30_18-26-31 [http-nio-8100-exec-1] INFO  c.c.p.q.controller.QuotesController - End
