2021-07-30_16-56-43 [main] INFO  o.s.b.t.c.SpringBootTestContextBootstrapper - Neither @ContextConfiguration nor @ContextHierarchy found for test class [com.cognizant.pas.consumer.ConsumerMicroserviceApplicationTests], using SpringBootContextLoader
2021-07-30_16-56-43 [main] INFO  o.s.t.c.s.AbstractContextLoader - Could not detect default resource locations for test class [com.cognizant.pas.consumer.ConsumerMicroserviceApplicationTests]: no resource found for suffixes {-context.xml, Context.groovy}.
2021-07-30_16-56-43 [main] INFO  o.s.t.c.s.AnnotationConfigContextLoaderUtils - Could not detect default configuration classes for test class [com.cognizant.pas.consumer.ConsumerMicroserviceApplicationTests]: ConsumerMicroserviceApplicationTests does not declare any static, non-private, non-final, nested classes annotated with @Configuration.
2021-07-30_16-56-43 [main] INFO  o.s.b.t.c.SpringBootTestContextBootstrapper - Found @SpringBootConfiguration com.cognizant.pas.consumer.ConsumerMicroserviceApplication for test class com.cognizant.pas.consumer.ConsumerMicroserviceApplicationTests
2021-07-30_16-56-43 [main] INFO  o.s.b.t.c.SpringBootTestContextBootstrapper - Loaded default TestExecutionListener class names from location [META-INF/spring.factories]: [org.springframework.boot.test.mock.mockito.MockitoTestExecutionListener, org.springframework.boot.test.mock.mockito.ResetMocksTestExecutionListener, org.springframework.boot.test.autoconfigure.restdocs.RestDocsTestExecutionListener, org.springframework.boot.test.autoconfigure.web.client.MockRestServiceServerResetTestExecutionListener, org.springframework.boot.test.autoconfigure.web.servlet.MockMvcPrintOnlyOnFailureTestExecutionListener, org.springframework.boot.test.autoconfigure.web.servlet.WebDriverTestExecutionListener, org.springframework.boot.test.autoconfigure.webservices.client.MockWebServiceServerTestExecutionListener, org.springframework.test.context.web.ServletTestExecutionListener, org.springframework.test.context.support.DirtiesContextBeforeModesTestExecutionListener, org.springframework.test.context.event.ApplicationEventsTestExecutionListener, org.springframework.test.context.support.DependencyInjectionTestExecutionListener, org.springframework.test.context.support.DirtiesContextTestExecutionListener, org.springframework.test.context.transaction.TransactionalTestExecutionListener, org.springframework.test.context.jdbc.SqlScriptsTestExecutionListener, org.springframework.test.context.event.EventPublishingTestExecutionListener]
2021-07-30_16-56-43 [main] INFO  o.s.b.t.c.SpringBootTestContextBootstrapper - Using TestExecutionListeners: [org.springframework.test.context.web.ServletTestExecutionListener@1515f782, org.springframework.test.context.support.DirtiesContextBeforeModesTestExecutionListener@7f5ce33e, org.springframework.test.context.event.ApplicationEventsTestExecutionListener@638afcaa, org.springframework.boot.test.mock.mockito.MockitoTestExecutionListener@58601e7a, org.springframework.boot.test.autoconfigure.SpringBootDependencyInjectionTestExecutionListener@62735b13, org.springframework.test.context.support.DirtiesContextTestExecutionListener@7aae1170, org.springframework.test.context.transaction.TransactionalTestExecutionListener@4ef5dd23, org.springframework.test.context.jdbc.SqlScriptsTestExecutionListener@163e8949, org.springframework.test.context.event.EventPublishingTestExecutionListener@6eede35e, org.springframework.boot.test.mock.mockito.ResetMocksTestExecutionListener@64c25a62, org.springframework.boot.test.autoconfigure.restdocs.RestDocsTestExecutionListener@43e8f1c, org.springframework.boot.test.autoconfigure.web.client.MockRestServiceServerResetTestExecutionListener@66a82a13, org.springframework.boot.test.autoconfigure.web.servlet.MockMvcPrintOnlyOnFailureTestExecutionListener@675ec28b, org.springframework.boot.test.autoconfigure.web.servlet.WebDriverTestExecutionListener@11399548, org.springframework.boot.test.autoconfigure.webservices.client.MockWebServiceServerTestExecutionListener@610fbe1c]
2021-07-30_16-56-44 [main] INFO  c.c.p.c.ConsumerMicroserviceApplicationTests - Starting ConsumerMicroserviceApplicationTests using Java 15.0.2 on DESKTOP-1STHB3N with PID 15252 (started by dines in D:\back-up-mine-j\Consumer-Microservice)
2021-07-30_16-56-44 [main] INFO  c.c.p.c.ConsumerMicroserviceApplicationTests - No active profile set, falling back to default profiles: default
2021-07-30_16-56-44 [background-preinit] INFO  o.h.validator.internal.util.Version - HV000001: Hibernate Validator 6.1.7.Final
2021-07-30_16-56-44 [main] INFO  o.s.d.r.c.RepositoryConfigurationDelegate - Bootstrapping Spring Data JPA repositories in DEFAULT mode.
2021-07-30_16-56-44 [main] INFO  o.s.d.r.c.RepositoryConfigurationDelegate - Finished Spring Data repository scanning in 81 ms. Found 5 JPA repository interfaces.
2021-07-30_16-56-44 [main] INFO  o.s.cloud.context.scope.GenericScope - BeanFactory id=bf208c13-ca8c-379a-876a-64a28f0ba115
2021-07-30_16-56-44 [main] INFO  o.s.c.s.PostProcessorRegistrationDelegate$BeanPostProcessorChecker - Bean 'com.cognizant.pas.consumer.feign.AuthorisingClient' of type [org.springframework.cloud.openfeign.FeignClientFactoryBean] is not eligible for getting processed by all BeanPostProcessors (for example: not eligible for auto-proxying)
2021-07-30_16-56-44 [main] INFO  o.h.jpa.internal.util.LogHelper - HHH000204: Processing PersistenceUnitInfo [name: default]
2021-07-30_16-56-44 [main] INFO  org.hibernate.Version - HHH000412: Hibernate ORM core version 5.4.27.Final
2021-07-30_16-56-44 [main] INFO  o.h.annotations.common.Version - HCANN000001: Hibernate Commons Annotations {5.1.2.Final}
2021-07-30_16-56-44 [main] INFO  com.zaxxer.hikari.HikariDataSource - HikariPool-1 - Starting...
2021-07-30_16-56-44 [main] INFO  com.zaxxer.hikari.HikariDataSource - HikariPool-1 - Start completed.
2021-07-30_16-56-44 [main] INFO  org.hibernate.dialect.Dialect - HHH000400: Using dialect: org.hibernate.dialect.H2Dialect
2021-07-30_16-56-44 [main] INFO  o.h.e.t.j.p.i.JtaPlatformInitiator - HHH000490: Using JtaPlatform implementation: [org.hibernate.engine.transaction.jta.platform.internal.NoJtaPlatform]
2021-07-30_16-56-44 [main] INFO  o.s.o.j.LocalContainerEntityManagerFactoryBean - Initialized JPA EntityManagerFactory for persistence unit 'default'
2021-07-30_16-56-44 [main] INFO  o.s.b.a.h.H2ConsoleAutoConfiguration - H2 console available at '/db'. Database available at 'jdbc:h2:mem:pasdb'
2021-07-30_16-56-44 [main] INFO  s.d.s.w.PropertySourcedRequestMappingHandlerMapping - Mapped URL path [/v2/api-docs] onto method [springfox.documentation.swagger2.web.Swagger2Controller#getDocumentation(String, HttpServletRequest)]
2021-07-30_16-56-44 [main] INFO  o.s.s.c.ThreadPoolTaskExecutor - Initializing ExecutorService 'applicationTaskExecutor'
2021-07-30_16-56-44 [main] INFO  s.d.s.w.p.DocumentationPluginsBootstrapper - Context refreshed
2021-07-30_16-56-44 [main] INFO  s.d.s.w.p.DocumentationPluginsBootstrapper - Found 1 custom documentation plugin(s)
2021-07-30_16-56-44 [main] INFO  s.d.s.w.s.ApiListingReferenceScanner - Scanning for api listing references
2021-07-30_16-56-44 [main] INFO  c.c.p.c.ConsumerMicroserviceApplicationTests - Started ConsumerMicroserviceApplicationTests in 8.336 seconds (JVM running for 11.445)
2021-07-30_16-56-52 [main] INFO  c.c.p.c.ConsumerMicroserviceApplication - Starting ConsumerMicroserviceApplication using Java 15.0.2 on DESKTOP-1STHB3N with PID 15252 (started by dines in D:\back-up-mine-j\Consumer-Microservice)
2021-07-30_16-56-52 [main] INFO  c.c.p.c.ConsumerMicroserviceApplication - No active profile set, falling back to default profiles: default
2021-07-30_16-56-52 [main] INFO  o.s.d.r.c.RepositoryConfigurationDelegate - Bootstrapping Spring Data JPA repositories in DEFAULT mode.
2021-07-30_16-56-52 [main] INFO  o.s.d.r.c.RepositoryConfigurationDelegate - Finished Spring Data repository scanning in 18 ms. Found 5 JPA repository interfaces.
2021-07-30_16-56-52 [main] INFO  o.s.cloud.context.scope.GenericScope - BeanFactory id=922e3753-1285-36ae-b046-9cb9c970303b
2021-07-30_16-56-52 [main] INFO  o.s.c.s.PostProcessorRegistrationDelegate$BeanPostProcessorChecker - Bean 'com.cognizant.pas.consumer.feign.AuthorisingClient' of type [org.springframework.cloud.openfeign.FeignClientFactoryBean] is not eligible for getting processed by all BeanPostProcessors (for example: not eligible for auto-proxying)
2021-07-30_16-56-52 [main] INFO  o.s.b.w.e.tomcat.TomcatWebServer - Tomcat initialized with port(s): 8200 (http)
2021-07-30_16-56-52 [main] INFO  o.a.coyote.http11.Http11NioProtocol - Initializing ProtocolHandler ["http-nio-8200"]
2021-07-30_16-56-52 [main] INFO  o.a.catalina.core.StandardService - Starting service [Tomcat]
2021-07-30_16-56-52 [main] INFO  o.a.catalina.core.StandardEngine - Starting Servlet engine: [Apache Tomcat/9.0.41]
2021-07-30_16-56-52 [main] INFO  o.a.c.c.C.[.[.[/consumer-api] - Initializing Spring embedded WebApplicationContext
2021-07-30_16-56-52 [main] INFO  o.s.b.w.s.c.ServletWebServerApplicationContext - Root WebApplicationContext: initialization completed in 946 ms
2021-07-30_16-56-52 [main] INFO  com.zaxxer.hikari.HikariDataSource - HikariPool-2 - Starting...
2021-07-30_16-56-52 [main] INFO  com.zaxxer.hikari.HikariDataSource - HikariPool-2 - Start completed.
2021-07-30_16-56-52 [main] INFO  o.s.b.a.h.H2ConsoleAutoConfiguration - H2 console available at '/db'. Database available at 'jdbc:h2:mem:pasdb'
2021-07-30_16-56-52 [main] INFO  o.h.jpa.internal.util.LogHelper - HHH000204: Processing PersistenceUnitInfo [name: default]
2021-07-30_16-56-52 [main] INFO  org.hibernate.dialect.Dialect - HHH000400: Using dialect: org.hibernate.dialect.H2Dialect
2021-07-30_16-56-52 [main] INFO  o.h.e.t.j.p.i.JtaPlatformInitiator - HHH000490: Using JtaPlatform implementation: [org.hibernate.engine.transaction.jta.platform.internal.NoJtaPlatform]
2021-07-30_16-56-52 [main] INFO  o.s.o.j.LocalContainerEntityManagerFactoryBean - Initialized JPA EntityManagerFactory for persistence unit 'default'
2021-07-30_16-56-52 [main] INFO  s.d.s.w.PropertySourcedRequestMappingHandlerMapping - Mapped URL path [/v2/api-docs] onto method [springfox.documentation.swagger2.web.Swagger2Controller#getDocumentation(String, HttpServletRequest)]
2021-07-30_16-56-52 [main] INFO  o.s.s.c.ThreadPoolTaskExecutor - Initializing ExecutorService 'applicationTaskExecutor'
2021-07-30_16-56-52 [main] INFO  o.a.coyote.http11.Http11NioProtocol - Starting ProtocolHandler ["http-nio-8200"]
2021-07-30_16-56-52 [main] INFO  o.s.b.w.e.tomcat.TomcatWebServer - Tomcat started on port(s): 8200 (http) with context path '/consumer-api'
2021-07-30_16-56-52 [main] INFO  s.d.s.w.p.DocumentationPluginsBootstrapper - Context refreshed
2021-07-30_16-56-52 [main] INFO  s.d.s.w.p.DocumentationPluginsBootstrapper - Found 1 custom documentation plugin(s)
2021-07-30_16-56-52 [main] INFO  s.d.s.w.s.ApiListingReferenceScanner - Scanning for api listing references
2021-07-30_16-56-52 [main] INFO  c.c.p.c.ConsumerMicroserviceApplication - Started ConsumerMicroserviceApplication in 2.173 seconds (JVM running for 13.654)
2021-07-30_16-56-52 [main] INFO  o.s.b.t.a.w.s.WebMvcTestContextBootstrapper - Neither @ContextConfiguration nor @ContextHierarchy found for test class [com.cognizant.pas.consumer.controller.ConsumerControllerTests], using SpringBootContextLoader
2021-07-30_16-56-52 [main] INFO  o.s.t.c.s.AbstractContextLoader - Could not detect default resource locations for test class [com.cognizant.pas.consumer.controller.ConsumerControllerTests]: no resource found for suffixes {-context.xml, Context.groovy}.
2021-07-30_16-56-52 [main] INFO  o.s.t.c.s.AnnotationConfigContextLoaderUtils - Could not detect default configuration classes for test class [com.cognizant.pas.consumer.controller.ConsumerControllerTests]: ConsumerControllerTests does not declare any static, non-private, non-final, nested classes annotated with @Configuration.
2021-07-30_16-56-52 [main] INFO  o.s.b.t.c.SpringBootTestContextBootstrapper - Found @SpringBootConfiguration com.cognizant.pas.consumer.ConsumerMicroserviceApplication for test class com.cognizant.pas.consumer.controller.ConsumerControllerTests
2021-07-30_16-56-52 [main] INFO  o.s.b.t.a.w.s.WebMvcTestContextBootstrapper - Loaded default TestExecutionListener class names from location [META-INF/spring.factories]: [org.springframework.boot.test.mock.mockito.MockitoTestExecutionListener, org.springframework.boot.test.mock.mockito.ResetMocksTestExecutionListener, org.springframework.boot.test.autoconfigure.restdocs.RestDocsTestExecutionListener, org.springframework.boot.test.autoconfigure.web.client.MockRestServiceServerResetTestExecutionListener, org.springframework.boot.test.autoconfigure.web.servlet.MockMvcPrintOnlyOnFailureTestExecutionListener, org.springframework.boot.test.autoconfigure.web.servlet.WebDriverTestExecutionListener, org.springframework.boot.test.autoconfigure.webservices.client.MockWebServiceServerTestExecutionListener, org.springframework.test.context.web.ServletTestExecutionListener, org.springframework.test.context.support.DirtiesContextBeforeModesTestExecutionListener, org.springframework.test.context.event.ApplicationEventsTestExecutionListener, org.springframework.test.context.support.DependencyInjectionTestExecutionListener, org.springframework.test.context.support.DirtiesContextTestExecutionListener, org.springframework.test.context.transaction.TransactionalTestExecutionListener, org.springframework.test.context.jdbc.SqlScriptsTestExecutionListener, org.springframework.test.context.event.EventPublishingTestExecutionListener]
2021-07-30_16-56-52 [main] INFO  o.s.b.t.a.w.s.WebMvcTestContextBootstrapper - Using TestExecutionListeners: [org.springframework.test.context.web.ServletTestExecutionListener@6217cc80, org.springframework.test.context.support.DirtiesContextBeforeModesTestExecutionListener@5bb514f1, org.springframework.test.context.event.ApplicationEventsTestExecutionListener@5f2639fe, org.springframework.boot.test.mock.mockito.MockitoTestExecutionListener@58b43946, org.springframework.boot.test.autoconfigure.SpringBootDependencyInjectionTestExecutionListener@49b9d1c, org.springframework.test.context.support.DirtiesContextTestExecutionListener@77fa03e2, org.springframework.test.context.transaction.TransactionalTestExecutionListener@197d3d2a, org.springframework.test.context.jdbc.SqlScriptsTestExecutionListener@607a594a, org.springframework.test.context.event.EventPublishingTestExecutionListener@38514b24, org.springframework.boot.test.mock.mockito.ResetMocksTestExecutionListener@1f93aadf, org.springframework.boot.test.autoconfigure.restdocs.RestDocsTestExecutionListener@6f77406a, org.springframework.boot.test.autoconfigure.web.client.MockRestServiceServerResetTestExecutionListener@5df5e4c7, org.springframework.boot.test.autoconfigure.web.servlet.MockMvcPrintOnlyOnFailureTestExecutionListener@6fcf9c36, org.springframework.boot.test.autoconfigure.web.servlet.WebDriverTestExecutionListener@6d081642, org.springframework.boot.test.autoconfigure.webservices.client.MockWebServiceServerTestExecutionListener@38296f99]
2021-07-30_16-56-54 [main] INFO  c.c.p.c.c.ConsumerControllerTests - Starting ConsumerControllerTests using Java 15.0.2 on DESKTOP-1STHB3N with PID 15252 (started by dines in D:\back-up-mine-j\Consumer-Microservice)
2021-07-30_16-56-54 [main] INFO  c.c.p.c.c.ConsumerControllerTests - No active profile set, falling back to default profiles: default
2021-07-30_16-56-54 [main] INFO  o.s.s.c.ThreadPoolTaskExecutor - Initializing ExecutorService 'applicationTaskExecutor'
2021-07-30_16-56-54 [main] INFO  o.s.b.t.m.w.SpringBootMockServletContext - Initializing Spring TestDispatcherServlet ''
2021-07-30_16-56-54 [main] INFO  o.s.t.w.s.TestDispatcherServlet - Initializing Servlet ''
2021-07-30_16-56-54 [main] INFO  o.s.t.w.s.TestDispatcherServlet - Completed initialization in 1 ms
2021-07-30_16-56-54 [main] INFO  c.c.p.c.c.ConsumerControllerTests - Started ConsumerControllerTests in 0.844 seconds (JVM running for 14.551)
2021-07-30_16-56-54 [main] INFO  c.c.p.c.c.ConsumerController - Start createBusinessProperty
2021-07-30_16-56-54 [main] INFO  c.c.p.c.c.ConsumerController - Start updateConsumerBusiness
2021-07-30_16-56-54 [main] INFO  c.c.p.c.c.ConsumerController - Start viewConsumerBusinessByPolicy
2021-07-30_16-56-54 [main] INFO  c.c.p.c.c.ConsumerController - Start updateBusinessProperty
2021-07-30_16-56-54 [main] INFO  c.c.p.c.c.ConsumerController - Start viewConsumerBusiness
2021-07-30_16-56-54 [main] INFO  c.c.p.c.c.ConsumerController - Start createConsumerBusiness
2021-07-30_16-56-54 [main] INFO  c.c.p.c.c.ConsumerController - Start viewConsumerProperty
2021-07-30_16-56-54 [main] INFO  c.c.p.c.c.ConsumerController - Start viewConsumerBusiness
2021-07-30_16-56-54 [main] INFO  c.c.p.c.c.ConsumerController - Start updateBusinessProperty
2021-07-30_16-56-54 [main] INFO  c.c.p.c.c.ConsumerController - Start viewConsumerProperty
2021-07-30_16-56-54 [main] INFO  c.c.p.c.c.ConsumerController - Start updateConsumerBusiness
2021-07-30_16-56-54 [main] INFO  c.c.p.c.c.ConsumerController - Start createConsumerBusiness
2021-07-30_16-56-54 [main] INFO  c.c.p.c.c.ConsumerController - Start viewConsumerBusinessByPolicy
2021-07-30_16-56-54 [main] INFO  c.c.p.c.c.ConsumerController - End viewConsumerBusinessByPolicy
2021-07-30_16-56-54 [main] INFO  c.c.p.c.c.ConsumerController - Start createBusinessProperty
2021-07-30_16-56-54 [main] INFO  o.s.b.t.c.SpringBootTestContextBootstrapper - Neither @ContextConfiguration nor @ContextHierarchy found for test class [com.cognizant.pas.consumer.exception.GlobalExceptionHandlerTest], using SpringBootContextLoader
2021-07-30_16-56-54 [main] INFO  o.s.t.c.s.AbstractContextLoader - Could not detect default resource locations for test class [com.cognizant.pas.consumer.exception.GlobalExceptionHandlerTest]: no resource found for suffixes {-context.xml, Context.groovy}.
2021-07-30_16-56-54 [main] INFO  o.s.t.c.s.AnnotationConfigContextLoaderUtils - Could not detect default configuration classes for test class [com.cognizant.pas.consumer.exception.GlobalExceptionHandlerTest]: GlobalExceptionHandlerTest does not declare any static, non-private, non-final, nested classes annotated with @Configuration.
2021-07-30_16-56-54 [main] INFO  o.s.b.t.c.SpringBootTestContextBootstrapper - Found @SpringBootConfiguration com.cognizant.pas.consumer.ConsumerMicroserviceApplication for test class com.cognizant.pas.consumer.exception.GlobalExceptionHandlerTest
2021-07-30_16-56-54 [main] INFO  o.s.b.t.c.SpringBootTestContextBootstrapper - Loaded default TestExecutionListener class names from location [META-INF/spring.factories]: [org.springframework.boot.test.mock.mockito.MockitoTestExecutionListener, org.springframework.boot.test.mock.mockito.ResetMocksTestExecutionListener, org.springframework.boot.test.autoconfigure.restdocs.RestDocsTestExecutionListener, org.springframework.boot.test.autoconfigure.web.client.MockRestServiceServerResetTestExecutionListener, org.springframework.boot.test.autoconfigure.web.servlet.MockMvcPrintOnlyOnFailureTestExecutionListener, org.springframework.boot.test.autoconfigure.web.servlet.WebDriverTestExecutionListener, org.springframework.boot.test.autoconfigure.webservices.client.MockWebServiceServerTestExecutionListener, org.springframework.test.context.web.ServletTestExecutionListener, org.springframework.test.context.support.DirtiesContextBeforeModesTestExecutionListener, org.springframework.test.context.event.ApplicationEventsTestExecutionListener, org.springframework.test.context.support.DependencyInjectionTestExecutionListener, org.springframework.test.context.support.DirtiesContextTestExecutionListener, org.springframework.test.context.transaction.TransactionalTestExecutionListener, org.springframework.test.context.jdbc.SqlScriptsTestExecutionListener, org.springframework.test.context.event.EventPublishingTestExecutionListener]
2021-07-30_16-56-54 [main] INFO  o.s.b.t.c.SpringBootTestContextBootstrapper - Using TestExecutionListeners: [org.springframework.test.context.web.ServletTestExecutionListener@6f9f5d71, org.springframework.test.context.support.DirtiesContextBeforeModesTestExecutionListener@34af1d92, org.springframework.test.context.event.ApplicationEventsTestExecutionListener@31bd3c7, org.springframework.boot.test.mock.mockito.MockitoTestExecutionListener@5bdf1de9, org.springframework.boot.test.autoconfigure.SpringBootDependencyInjectionTestExecutionListener@4ebea736, org.springframework.test.context.support.DirtiesContextTestExecutionListener@23170fe, org.springframework.test.context.transaction.TransactionalTestExecutionListener@5fe91e94, org.springframework.test.context.jdbc.SqlScriptsTestExecutionListener@7cfa70d5, org.springframework.test.context.event.EventPublishingTestExecutionListener@4746ef6b, org.springframework.boot.test.mock.mockito.ResetMocksTestExecutionListener@4e79d1fd, org.springframework.boot.test.autoconfigure.restdocs.RestDocsTestExecutionListener@59736b18, org.springframework.boot.test.autoconfigure.web.client.MockRestServiceServerResetTestExecutionListener@76a0d43b, org.springframework.boot.test.autoconfigure.web.servlet.MockMvcPrintOnlyOnFailureTestExecutionListener@6ed5033, org.springframework.boot.test.autoconfigure.web.servlet.WebDriverTestExecutionListener@61b9f2a, org.springframework.boot.test.autoconfigure.webservices.client.MockWebServiceServerTestExecutionListener@44721f5a]
2021-07-30_16-56-54 [main] INFO  o.s.b.t.c.SpringBootTestContextBootstrapper - Neither @ContextConfiguration nor @ContextHierarchy found for test class [com.cognizant.pas.consumer.exception.ExceptionDetailsTest], using SpringBootContextLoader
2021-07-30_16-56-54 [main] INFO  o.s.t.c.s.AbstractContextLoader - Could not detect default resource locations for test class [com.cognizant.pas.consumer.exception.ExceptionDetailsTest]: no resource found for suffixes {-context.xml, Context.groovy}.
2021-07-30_16-56-54 [main] INFO  o.s.t.c.s.AnnotationConfigContextLoaderUtils - Could not detect default configuration classes for test class [com.cognizant.pas.consumer.exception.ExceptionDetailsTest]: ExceptionDetailsTest does not declare any static, non-private, non-final, nested classes annotated with @Configuration.
2021-07-30_16-56-54 [main] INFO  o.s.b.t.c.SpringBootTestContextBootstrapper - Found @SpringBootConfiguration com.cognizant.pas.consumer.ConsumerMicroserviceApplication for test class com.cognizant.pas.consumer.exception.ExceptionDetailsTest
2021-07-30_16-56-54 [main] INFO  o.s.b.t.c.SpringBootTestContextBootstrapper - Loaded default TestExecutionListener class names from location [META-INF/spring.factories]: [org.springframework.boot.test.mock.mockito.MockitoTestExecutionListener, org.springframework.boot.test.mock.mockito.ResetMocksTestExecutionListener, org.springframework.boot.test.autoconfigure.restdocs.RestDocsTestExecutionListener, org.springframework.boot.test.autoconfigure.web.client.MockRestServiceServerResetTestExecutionListener, org.springframework.boot.test.autoconfigure.web.servlet.MockMvcPrintOnlyOnFailureTestExecutionListener, org.springframework.boot.test.autoconfigure.web.servlet.WebDriverTestExecutionListener, org.springframework.boot.test.autoconfigure.webservices.client.MockWebServiceServerTestExecutionListener, org.springframework.test.context.web.ServletTestExecutionListener, org.springframework.test.context.support.DirtiesContextBeforeModesTestExecutionListener, org.springframework.test.context.event.ApplicationEventsTestExecutionListener, org.springframework.test.context.support.DependencyInjectionTestExecutionListener, org.springframework.test.context.support.DirtiesContextTestExecutionListener, org.springframework.test.context.transaction.TransactionalTestExecutionListener, org.springframework.test.context.jdbc.SqlScriptsTestExecutionListener, org.springframework.test.context.event.EventPublishingTestExecutionListener]
2021-07-30_16-56-54 [main] INFO  o.s.b.t.c.SpringBootTestContextBootstrapper - Using TestExecutionListeners: [org.springframework.test.context.web.ServletTestExecutionListener@6678a63c, org.springframework.test.context.support.DirtiesContextBeforeModesTestExecutionListener@4ff2de2, org.springframework.test.context.event.ApplicationEventsTestExecutionListener@12305a5b, org.springframework.boot.test.mock.mockito.MockitoTestExecutionListener@46d0d955, org.springframework.boot.test.autoconfigure.SpringBootDependencyInjectionTestExecutionListener@653adef5, org.springframework.test.context.support.DirtiesContextTestExecutionListener@18d76f8d, org.springframework.test.context.transaction.TransactionalTestExecutionListener@8a51c4e, org.springframework.test.context.jdbc.SqlScriptsTestExecutionListener@487f767e, org.springframework.test.context.event.EventPublishingTestExecutionListener@7b81d4f2, org.springframework.boot.test.mock.mockito.ResetMocksTestExecutionListener@58096708, org.springframework.boot.test.autoconfigure.restdocs.RestDocsTestExecutionListener@786e572b, org.springframework.boot.test.autoconfigure.web.client.MockRestServiceServerResetTestExecutionListener@4b9102de, org.springframework.boot.test.autoconfigure.web.servlet.MockMvcPrintOnlyOnFailureTestExecutionListener@3e42791a, org.springframework.boot.test.autoconfigure.web.servlet.WebDriverTestExecutionListener@2de068fd, org.springframework.boot.test.autoconfigure.webservices.client.MockWebServiceServerTestExecutionListener@27bda565]
2021-07-30_16-56-54 [main] INFO  o.s.b.t.c.SpringBootTestContextBootstrapper - Neither @ContextConfiguration nor @ContextHierarchy found for test class [com.cognizant.pas.consumer.exception.AuthorizationExceptionTest], using SpringBootContextLoader
2021-07-30_16-56-54 [main] INFO  o.s.t.c.s.AbstractContextLoader - Could not detect default resource locations for test class [com.cognizant.pas.consumer.exception.AuthorizationExceptionTest]: no resource found for suffixes {-context.xml, Context.groovy}.
2021-07-30_16-56-54 [main] INFO  o.s.t.c.s.AnnotationConfigContextLoaderUtils - Could not detect default configuration classes for test class [com.cognizant.pas.consumer.exception.AuthorizationExceptionTest]: AuthorizationExceptionTest does not declare any static, non-private, non-final, nested classes annotated with @Configuration.
2021-07-30_16-56-54 [main] INFO  o.s.b.t.c.SpringBootTestContextBootstrapper - Found @SpringBootConfiguration com.cognizant.pas.consumer.ConsumerMicroserviceApplication for test class com.cognizant.pas.consumer.exception.AuthorizationExceptionTest
2021-07-30_16-56-54 [main] INFO  o.s.b.t.c.SpringBootTestContextBootstrapper - Loaded default TestExecutionListener class names from location [META-INF/spring.factories]: [org.springframework.boot.test.mock.mockito.MockitoTestExecutionListener, org.springframework.boot.test.mock.mockito.ResetMocksTestExecutionListener, org.springframework.boot.test.autoconfigure.restdocs.RestDocsTestExecutionListener, org.springframework.boot.test.autoconfigure.web.client.MockRestServiceServerResetTestExecutionListener, org.springframework.boot.test.autoconfigure.web.servlet.MockMvcPrintOnlyOnFailureTestExecutionListener, org.springframework.boot.test.autoconfigure.web.servlet.WebDriverTestExecutionListener, org.springframework.boot.test.autoconfigure.webservices.client.MockWebServiceServerTestExecutionListener, org.springframework.test.context.web.ServletTestExecutionListener, org.springframework.test.context.support.DirtiesContextBeforeModesTestExecutionListener, org.springframework.test.context.event.ApplicationEventsTestExecutionListener, org.springframework.test.context.support.DependencyInjectionTestExecutionListener, org.springframework.test.context.support.DirtiesContextTestExecutionListener, org.springframework.test.context.transaction.TransactionalTestExecutionListener, org.springframework.test.context.jdbc.SqlScriptsTestExecutionListener, org.springframework.test.context.event.EventPublishingTestExecutionListener]
2021-07-30_16-56-54 [main] INFO  o.s.b.t.c.SpringBootTestContextBootstrapper - Using TestExecutionListeners: [org.springframework.test.context.web.ServletTestExecutionListener@60615d72, org.springframework.test.context.support.DirtiesContextBeforeModesTestExecutionListener@130f2eca, org.springframework.test.context.event.ApplicationEventsTestExecutionListener@7de36991, org.springframework.boot.test.mock.mockito.MockitoTestExecutionListener@4a261ac8, org.springframework.boot.test.autoconfigure.SpringBootDependencyInjectionTestExecutionListener@20c65433, org.springframework.test.context.support.DirtiesContextTestExecutionListener@4ad5579f, org.springframework.test.context.transaction.TransactionalTestExecutionListener@2c1c10b5, org.springframework.test.context.jdbc.SqlScriptsTestExecutionListener@5696bfa4, org.springframework.test.context.event.EventPublishingTestExecutionListener@44e31e89, org.springframework.boot.test.mock.mockito.ResetMocksTestExecutionListener@246ad025, org.springframework.boot.test.autoconfigure.restdocs.RestDocsTestExecutionListener@683fe5a5, org.springframework.boot.test.autoconfigure.web.client.MockRestServiceServerResetTestExecutionListener@bb71c99, org.springframework.boot.test.autoconfigure.web.servlet.MockMvcPrintOnlyOnFailureTestExecutionListener@57fc4c30, org.springframework.boot.test.autoconfigure.web.servlet.WebDriverTestExecutionListener@25e54512, org.springframework.boot.test.autoconfigure.webservices.client.MockWebServiceServerTestExecutionListener@32609ec6]
2021-07-30_16-56-56 [main] INFO  c.c.p.c.e.AuthorizationExceptionTest - Starting AuthorizationExceptionTest using Java 15.0.2 on DESKTOP-1STHB3N with PID 15252 (started by dines in D:\back-up-mine-j\Consumer-Microservice)
2021-07-30_16-56-56 [main] INFO  c.c.p.c.e.AuthorizationExceptionTest - No active profile set, falling back to default profiles: default
2021-07-30_16-56-56 [main] INFO  o.s.d.r.c.RepositoryConfigurationDelegate - Bootstrapping Spring Data JPA repositories in DEFAULT mode.
2021-07-30_16-56-56 [main] INFO  o.s.d.r.c.RepositoryConfigurationDelegate - Finished Spring Data repository scanning in 25 ms. Found 5 JPA repository interfaces.
2021-07-30_16-56-56 [main] INFO  o.s.cloud.context.scope.GenericScope - BeanFactory id=bf208c13-ca8c-379a-876a-64a28f0ba115
2021-07-30_16-56-56 [main] INFO  o.h.jpa.internal.util.LogHelper - HHH000204: Processing PersistenceUnitInfo [name: default]
2021-07-30_16-56-56 [main] INFO  com.zaxxer.hikari.HikariDataSource - HikariPool-3 - Starting...
2021-07-30_16-56-56 [main] INFO  com.zaxxer.hikari.HikariDataSource - HikariPool-3 - Start completed.
2021-07-30_16-56-56 [main] INFO  org.hibernate.dialect.Dialect - HHH000400: Using dialect: org.hibernate.dialect.H2Dialect
2021-07-30_16-56-56 [main] INFO  o.h.e.t.j.p.i.JtaPlatformInitiator - HHH000490: Using JtaPlatform implementation: [org.hibernate.engine.transaction.jta.platform.internal.NoJtaPlatform]
2021-07-30_16-56-56 [main] INFO  o.s.o.j.LocalContainerEntityManagerFactoryBean - Initialized JPA EntityManagerFactory for persistence unit 'default'
2021-07-30_16-56-56 [main] INFO  o.s.b.a.h.H2ConsoleAutoConfiguration - H2 console available at '/db'. Database available at 'jdbc:h2:mem:pasdb'
2021-07-30_16-56-56 [main] INFO  s.d.s.w.PropertySourcedRequestMappingHandlerMapping - Mapped URL path [/v2/api-docs] onto method [springfox.documentation.swagger2.web.Swagger2Controller#getDocumentation(String, HttpServletRequest)]
2021-07-30_16-56-56 [main] INFO  o.s.s.c.ThreadPoolTaskExecutor - Initializing ExecutorService 'applicationTaskExecutor'
2021-07-30_16-56-56 [main] INFO  s.d.s.w.p.DocumentationPluginsBootstrapper - Context refreshed
2021-07-30_16-56-56 [main] INFO  s.d.s.w.p.DocumentationPluginsBootstrapper - Found 1 custom documentation plugin(s)
2021-07-30_16-56-56 [main] INFO  s.d.s.w.s.ApiListingReferenceScanner - Scanning for api listing references
2021-07-30_16-56-56 [main] INFO  c.c.p.c.e.AuthorizationExceptionTest - Started AuthorizationExceptionTest in 2.049 seconds (JVM running for 17.331)
2021-07-30_16-56-56 [main] INFO  c.c.p.c.service.ConsumerServiceImpl - Start CalBusinessValue
2021-07-30_16-56-56 [main] INFO  c.c.p.c.service.ConsumerServiceImpl - End CalBusinessValue
2021-07-30_16-56-56 [main] INFO  c.c.p.c.service.ConsumerServiceImpl - Start calPropertyValue
2021-07-30_16-56-56 [main] INFO  c.c.p.c.service.ConsumerServiceImpl - Start calPropertyValue
2021-07-30_16-56-56 [main] INFO  c.c.p.c.service.ConsumerServiceImpl - End calPropertyValue
2021-07-30_16-56-56 [main] INFO  c.c.p.c.service.ConsumerServiceImpl - Start CalBusinessValue
2021-07-30_16-56-56 [SpringContextShutdownHook] INFO  o.s.s.c.ThreadPoolTaskExecutor - Shutting down ExecutorService 'applicationTaskExecutor'
2021-07-30_16-56-56 [SpringContextShutdownHook] INFO  o.s.s.c.ThreadPoolTaskExecutor - Shutting down ExecutorService 'applicationTaskExecutor'
2021-07-30_16-56-56 [SpringContextShutdownHook] INFO  o.s.s.c.ThreadPoolTaskExecutor - Shutting down ExecutorService 'applicationTaskExecutor'
2021-07-30_16-56-56 [SpringContextShutdownHook] INFO  o.s.o.j.LocalContainerEntityManagerFactoryBean - Closing JPA EntityManagerFactory for persistence unit 'default'
2021-07-30_16-56-56 [SpringContextShutdownHook] INFO  o.h.t.s.i.SchemaDropperImpl$DelayedDropActionImpl - HHH000477: Starting delayed evictData of schema as part of SessionFactory shut-down'
2021-07-30_16-56-56 [SpringContextShutdownHook] INFO  o.s.o.j.LocalContainerEntityManagerFactoryBean - Closing JPA EntityManagerFactory for persistence unit 'default'
2021-07-30_16-56-56 [SpringContextShutdownHook] INFO  o.h.t.s.i.SchemaDropperImpl$DelayedDropActionImpl - HHH000477: Starting delayed evictData of schema as part of SessionFactory shut-down'
2021-07-30_16-56-56 [SpringContextShutdownHook] INFO  com.zaxxer.hikari.HikariDataSource - HikariPool-1 - Shutdown initiated...
2021-07-30_16-56-56 [SpringContextShutdownHook] INFO  com.zaxxer.hikari.HikariDataSource - HikariPool-3 - Shutdown initiated...
2021-07-30_16-56-56 [SpringContextShutdownHook] INFO  com.zaxxer.hikari.HikariDataSource - HikariPool-1 - Shutdown completed.
2021-07-30_16-56-56 [SpringContextShutdownHook] INFO  com.zaxxer.hikari.HikariDataSource - HikariPool-3 - Shutdown completed.
2021-07-30_16-56-56 [SpringContextShutdownHook] INFO  o.s.s.c.ThreadPoolTaskExecutor - Shutting down ExecutorService 'applicationTaskExecutor'
2021-07-30_16-56-56 [SpringContextShutdownHook] INFO  o.s.o.j.LocalContainerEntityManagerFactoryBean - Closing JPA EntityManagerFactory for persistence unit 'default'
2021-07-30_16-56-56 [SpringContextShutdownHook] INFO  o.h.t.s.i.SchemaDropperImpl$DelayedDropActionImpl - HHH000477: Starting delayed evictData of schema as part of SessionFactory shut-down'
2021-07-30_16-56-56 [SpringContextShutdownHook] INFO  com.zaxxer.hikari.HikariDataSource - HikariPool-2 - Shutdown initiated...
2021-07-30_16-56-56 [SpringContextShutdownHook] INFO  com.zaxxer.hikari.HikariDataSource - HikariPool-2 - Shutdown completed.
2021-07-30_17-00-21 [background-preinit] INFO  o.h.validator.internal.util.Version - HV000001: Hibernate Validator 6.1.7.Final
2021-07-30_17-00-21 [restartedMain] INFO  c.c.p.c.ConsumerMicroserviceApplication - Starting ConsumerMicroserviceApplication using Java 15.0.2 on DESKTOP-1STHB3N with PID 9388 (D:\back-up-mine-j\Consumer-Microservice\target\classes started by dines in D:\back-up-mine-j\Consumer-Microservice)
2021-07-30_17-00-21 [restartedMain] INFO  c.c.p.c.ConsumerMicroserviceApplication - No active profile set, falling back to default profiles: default
2021-07-30_17-00-21 [restartedMain] INFO  o.s.b.d.e.DevToolsPropertyDefaultsPostProcessor - Devtools property defaults active! Set 'spring.devtools.add-properties' to 'false' to disable
2021-07-30_17-00-21 [restartedMain] INFO  o.s.b.d.e.DevToolsPropertyDefaultsPostProcessor - For additional web related logging consider setting the 'logging.level.web' property to 'DEBUG'
2021-07-30_17-00-21 [restartedMain] INFO  o.s.d.r.c.RepositoryConfigurationDelegate - Bootstrapping Spring Data JPA repositories in DEFAULT mode.
2021-07-30_17-00-21 [restartedMain] INFO  o.s.d.r.c.RepositoryConfigurationDelegate - Finished Spring Data repository scanning in 64 ms. Found 5 JPA repository interfaces.
2021-07-30_17-00-21 [restartedMain] INFO  o.s.cloud.context.scope.GenericScope - BeanFactory id=2050edd9-2e16-35ad-9961-793876844461
2021-07-30_17-00-21 [restartedMain] INFO  o.s.c.s.PostProcessorRegistrationDelegate$BeanPostProcessorChecker - Bean 'com.cognizant.pas.consumer.feign.AuthorisingClient' of type [org.springframework.cloud.openfeign.FeignClientFactoryBean] is not eligible for getting processed by all BeanPostProcessors (for example: not eligible for auto-proxying)
2021-07-30_17-00-21 [restartedMain] INFO  o.s.b.w.e.tomcat.TomcatWebServer - Tomcat initialized with port(s): 8200 (http)
2021-07-30_17-00-21 [restartedMain] INFO  o.a.coyote.http11.Http11NioProtocol - Initializing ProtocolHandler ["http-nio-8200"]
2021-07-30_17-00-21 [restartedMain] INFO  o.a.catalina.core.StandardService - Starting service [Tomcat]
2021-07-30_17-00-21 [restartedMain] INFO  o.a.catalina.core.StandardEngine - Starting Servlet engine: [Apache Tomcat/9.0.41]
2021-07-30_17-00-21 [restartedMain] INFO  o.a.c.c.C.[.[.[/consumer-api] - Initializing Spring embedded WebApplicationContext
2021-07-30_17-00-21 [restartedMain] INFO  o.s.b.w.s.c.ServletWebServerApplicationContext - Root WebApplicationContext: initialization completed in 2289 ms
2021-07-30_17-00-21 [restartedMain] INFO  com.zaxxer.hikari.HikariDataSource - HikariPool-1 - Starting...
2021-07-30_17-00-21 [restartedMain] INFO  com.zaxxer.hikari.HikariDataSource - HikariPool-1 - Start completed.
2021-07-30_17-00-21 [restartedMain] INFO  o.s.b.a.h.H2ConsoleAutoConfiguration - H2 console available at '/db'. Database available at 'jdbc:h2:mem:pasdb'
2021-07-30_17-00-21 [restartedMain] INFO  o.h.jpa.internal.util.LogHelper - HHH000204: Processing PersistenceUnitInfo [name: default]
2021-07-30_17-00-21 [restartedMain] INFO  org.hibernate.Version - HHH000412: Hibernate ORM core version 5.4.27.Final
2021-07-30_17-00-21 [restartedMain] INFO  o.h.annotations.common.Version - HCANN000001: Hibernate Commons Annotations {5.1.2.Final}
2021-07-30_17-00-21 [restartedMain] INFO  org.hibernate.dialect.Dialect - HHH000400: Using dialect: org.hibernate.dialect.H2Dialect
2021-07-30_17-00-21 [restartedMain] INFO  o.h.e.t.j.p.i.JtaPlatformInitiator - HHH000490: Using JtaPlatform implementation: [org.hibernate.engine.transaction.jta.platform.internal.NoJtaPlatform]
2021-07-30_17-00-21 [restartedMain] INFO  o.s.o.j.LocalContainerEntityManagerFactoryBean - Initialized JPA EntityManagerFactory for persistence unit 'default'
2021-07-30_17-00-21 [restartedMain] INFO  s.d.s.w.PropertySourcedRequestMappingHandlerMapping - Mapped URL path [/v2/api-docs] onto method [springfox.documentation.swagger2.web.Swagger2Controller#getDocumentation(String, HttpServletRequest)]
2021-07-30_17-00-21 [restartedMain] INFO  o.s.s.c.ThreadPoolTaskExecutor - Initializing ExecutorService 'applicationTaskExecutor'
2021-07-30_17-00-21 [restartedMain] INFO  o.a.coyote.http11.Http11NioProtocol - Starting ProtocolHandler ["http-nio-8200"]
2021-07-30_17-00-21 [restartedMain] INFO  o.s.b.w.e.tomcat.TomcatWebServer - Tomcat started on port(s): 8200 (http) with context path '/consumer-api'
2021-07-30_17-00-21 [restartedMain] INFO  s.d.s.w.p.DocumentationPluginsBootstrapper - Context refreshed
2021-07-30_17-00-21 [restartedMain] INFO  s.d.s.w.p.DocumentationPluginsBootstrapper - Found 1 custom documentation plugin(s)
2021-07-30_17-00-21 [restartedMain] INFO  s.d.s.w.s.ApiListingReferenceScanner - Scanning for api listing references
2021-07-30_17-00-21 [restartedMain] INFO  c.c.p.c.ConsumerMicroserviceApplication - Started ConsumerMicroserviceApplication in 5.983 seconds (JVM running for 6.674)
2021-07-30_17-00-21 [http-nio-8200-exec-2] INFO  o.a.c.c.C.[.[.[/consumer-api] - Initializing Spring DispatcherServlet 'dispatcherServlet'
2021-07-30_17-00-21 [http-nio-8200-exec-2] INFO  o.s.web.servlet.DispatcherServlet - Initializing Servlet 'dispatcherServlet'
2021-07-30_17-00-21 [http-nio-8200-exec-2] INFO  o.s.web.servlet.DispatcherServlet - Completed initialization in 1 ms
2021-07-30_17-00-21 [http-nio-8200-exec-2] INFO  c.c.p.c.c.ConsumerController - Start createConsumerBusiness
2021-07-30_17-00-21 [http-nio-8200-exec-2] INFO  c.c.p.c.service.ConsumerServiceImpl - Start checkBusinessEligibility
2021-07-30_17-00-21 [http-nio-8200-exec-2] INFO  c.c.p.c.service.ConsumerServiceImpl - End checkBusinessEligibility
2021-07-30_17-00-21 [http-nio-8200-exec-2] INFO  c.c.p.c.service.ConsumerServiceImpl - Start createConsumerBusiness Service
2021-07-30_17-00-21 [http-nio-8200-exec-2] INFO  c.c.p.c.service.ConsumerServiceImpl - Start CalBusinessValue
2021-07-30_17-00-21 [http-nio-8200-exec-2] INFO  c.c.p.c.service.ConsumerServiceImpl - End CalBusinessValue
2021-07-30_17-00-21 [http-nio-8200-exec-2] INFO  c.c.p.c.service.ConsumerServiceImpl - End createConsumerBusinessService
2021-07-30_17-00-21 [http-nio-8200-exec-2] INFO  c.c.p.c.c.ConsumerController - End createConsumerBusiness
2021-07-30_17-00-21 [http-nio-8200-exec-3] INFO  c.c.p.c.c.ConsumerController - Start updateConsumerBusiness
2021-07-30_17-00-21 [http-nio-8200-exec-3] INFO  c.c.p.c.service.ConsumerServiceImpl - Start updateConsumerBusinessService
2021-07-30_17-00-21 [http-nio-8200-exec-3] INFO  c.c.p.c.service.ConsumerServiceImpl - Start CalBusinessValue
2021-07-30_17-00-21 [http-nio-8200-exec-3] INFO  c.c.p.c.service.ConsumerServiceImpl - End CalBusinessValue
2021-07-30_17-00-21 [http-nio-8200-exec-3] INFO  c.c.p.c.service.ConsumerServiceImpl - End updateConsumerBusinessService
2021-07-30_17-00-21 [http-nio-8200-exec-3] INFO  c.c.p.c.c.ConsumerController - End updateConsumerBusiness
2021-07-30_17-00-21 [http-nio-8200-exec-4] INFO  c.c.p.c.c.ConsumerController - Start viewConsumerBusiness
2021-07-30_17-00-21 [http-nio-8200-exec-4] INFO  c.c.p.c.service.ConsumerServiceImpl - Start viewConsumerBusinessService
2021-07-30_17-00-21 [http-nio-8200-exec-4] INFO  c.c.p.c.service.ConsumerServiceImpl - End viewConsumerBusinessService
2021-07-30_17-00-21 [http-nio-8200-exec-4] INFO  c.c.p.c.c.ConsumerController - End viewConsumerBusiness
2021-07-30_17-00-21 [http-nio-8200-exec-5] INFO  c.c.p.c.c.ConsumerController - Start createBusinessProperty
2021-07-30_17-00-21 [http-nio-8200-exec-5] INFO  c.c.p.c.service.ConsumerServiceImpl - Start checkPropertyEligibility
2021-07-30_17-00-21 [http-nio-8200-exec-5] INFO  c.c.p.c.service.ConsumerServiceImpl - End checkPropertyEligibility
2021-07-30_17-00-21 [http-nio-8200-exec-5] INFO  c.c.p.c.service.ConsumerServiceImpl - Start createConsumerBusinessService
2021-07-30_17-00-21 [http-nio-8200-exec-5] INFO  c.c.p.c.service.ConsumerServiceImpl - Start calPropertyValue
2021-07-30_17-00-21 [http-nio-8200-exec-5] INFO  c.c.p.c.service.ConsumerServiceImpl - End calPropertyValue
2021-07-30_17-00-21 [http-nio-8200-exec-5] INFO  c.c.p.c.service.ConsumerServiceImpl - End createConsumerBusinessService
2021-07-30_17-00-21 [http-nio-8200-exec-5] INFO  c.c.p.c.c.ConsumerController - End createBusinessProperty
2021-07-30_17-00-21 [http-nio-8200-exec-6] INFO  c.c.p.c.c.ConsumerController - Start updateBusinessProperty
2021-07-30_17-00-21 [http-nio-8200-exec-6] INFO  c.c.p.c.service.ConsumerServiceImpl - Start updateBusinessPropertyService
2021-07-30_17-00-21 [http-nio-8200-exec-6] INFO  c.c.p.c.service.ConsumerServiceImpl - Start calPropertyValue
2021-07-30_17-00-21 [http-nio-8200-exec-6] INFO  c.c.p.c.service.ConsumerServiceImpl - End calPropertyValue
2021-07-30_17-00-21 [http-nio-8200-exec-6] INFO  c.c.p.c.service.ConsumerServiceImpl - End updateBusinessPropertyService
2021-07-30_17-00-21 [http-nio-8200-exec-6] INFO  c.c.p.c.c.ConsumerController - End updateBusinessProperty
2021-07-30_17-00-21 [http-nio-8200-exec-7] INFO  c.c.p.c.c.ConsumerController - Start viewConsumerProperty
2021-07-30_17-00-21 [http-nio-8200-exec-7] INFO  c.c.p.c.service.ConsumerServiceImpl - Start viewConsumerPropertyService
2021-07-30_17-00-21 [http-nio-8200-exec-7] INFO  c.c.p.c.service.ConsumerServiceImpl - End viewConsumerPropertyService
2021-07-30_17-00-21 [http-nio-8200-exec-7] INFO  c.c.p.c.c.ConsumerController - End viewConsumerProperty
2021-07-30_17-00-21 [http-nio-8200-exec-8] INFO  c.c.p.c.c.ConsumerController - Start viewConsumerBusinessByPolicy
2021-07-30_17-00-21 [http-nio-8200-exec-8] INFO  c.c.p.c.service.ConsumerServiceImpl - Start viewConsumerBusinessService
2021-07-30_17-00-21 [http-nio-8200-exec-8] INFO  c.c.p.c.service.ConsumerServiceImpl - End viewConsumerBusinessService
2021-07-30_17-00-21 [http-nio-8200-exec-8] INFO  c.c.p.c.c.ConsumerController - End viewConsumerBusinessByPolicy
2021-07-30_18-25-24 [background-preinit] INFO  o.h.validator.internal.util.Version - HV000001: Hibernate Validator 6.1.7.Final
2021-07-30_18-25-24 [restartedMain] INFO  c.c.p.c.ConsumerMicroserviceApplication - Starting ConsumerMicroserviceApplication using Java 15.0.2 on LAPTOP-3812AT6E with PID 15460 (C:\Users\devi\Downloads\Final-Backup\Consumer-Microservice\target\classes started by devi in C:\Users\devi\Downloads\Final-Backup\Consumer-Microservice)
2021-07-30_18-25-24 [restartedMain] INFO  c.c.p.c.ConsumerMicroserviceApplication - No active profile set, falling back to default profiles: default
2021-07-30_18-25-24 [restartedMain] INFO  o.s.b.d.e.DevToolsPropertyDefaultsPostProcessor - Devtools property defaults active! Set 'spring.devtools.add-properties' to 'false' to disable
2021-07-30_18-25-24 [restartedMain] INFO  o.s.b.d.e.DevToolsPropertyDefaultsPostProcessor - For additional web related logging consider setting the 'logging.level.web' property to 'DEBUG'
2021-07-30_18-25-24 [restartedMain] INFO  o.s.d.r.c.RepositoryConfigurationDelegate - Bootstrapping Spring Data JPA repositories in DEFAULT mode.
2021-07-30_18-25-24 [restartedMain] INFO  o.s.d.r.c.RepositoryConfigurationDelegate - Finished Spring Data repository scanning in 137 ms. Found 5 JPA repository interfaces.
2021-07-30_18-25-24 [restartedMain] INFO  o.s.cloud.context.scope.GenericScope - BeanFactory id=2050edd9-2e16-35ad-9961-793876844461
2021-07-30_18-25-24 [restartedMain] INFO  o.s.c.s.PostProcessorRegistrationDelegate$BeanPostProcessorChecker - Bean 'com.cognizant.pas.consumer.feign.AuthorisingClient' of type [org.springframework.cloud.openfeign.FeignClientFactoryBean] is not eligible for getting processed by all BeanPostProcessors (for example: not eligible for auto-proxying)
2021-07-30_18-25-24 [restartedMain] INFO  o.s.b.w.e.tomcat.TomcatWebServer - Tomcat initialized with port(s): 8200 (http)
2021-07-30_18-25-24 [restartedMain] INFO  o.a.coyote.http11.Http11NioProtocol - Initializing ProtocolHandler ["http-nio-8200"]
2021-07-30_18-25-24 [restartedMain] INFO  o.a.catalina.core.StandardService - Starting service [Tomcat]
2021-07-30_18-25-24 [restartedMain] INFO  o.a.catalina.core.StandardEngine - Starting Servlet engine: [Apache Tomcat/9.0.41]
2021-07-30_18-25-24 [restartedMain] INFO  o.a.c.c.C.[.[.[/consumer-api] - Initializing Spring embedded WebApplicationContext
2021-07-30_18-25-24 [restartedMain] INFO  o.s.b.w.s.c.ServletWebServerApplicationContext - Root WebApplicationContext: initialization completed in 3670 ms
2021-07-30_18-25-24 [restartedMain] INFO  com.zaxxer.hikari.HikariDataSource - HikariPool-1 - Starting...
2021-07-30_18-25-24 [restartedMain] INFO  com.zaxxer.hikari.HikariDataSource - HikariPool-1 - Start completed.
2021-07-30_18-25-24 [restartedMain] INFO  o.s.b.a.h.H2ConsoleAutoConfiguration - H2 console available at '/db'. Database available at 'jdbc:h2:mem:pasdb'
2021-07-30_18-25-24 [restartedMain] INFO  o.h.jpa.internal.util.LogHelper - HHH000204: Processing PersistenceUnitInfo [name: default]
2021-07-30_18-25-24 [restartedMain] INFO  org.hibernate.Version - HHH000412: Hibernate ORM core version 5.4.27.Final
2021-07-30_18-25-24 [restartedMain] INFO  o.h.annotations.common.Version - HCANN000001: Hibernate Commons Annotations {5.1.2.Final}
2021-07-30_18-25-24 [restartedMain] INFO  org.hibernate.dialect.Dialect - HHH000400: Using dialect: org.hibernate.dialect.H2Dialect
2021-07-30_18-25-24 [restartedMain] INFO  o.h.e.t.j.p.i.JtaPlatformInitiator - HHH000490: Using JtaPlatform implementation: [org.hibernate.engine.transaction.jta.platform.internal.NoJtaPlatform]
2021-07-30_18-25-24 [restartedMain] INFO  o.s.o.j.LocalContainerEntityManagerFactoryBean - Initialized JPA EntityManagerFactory for persistence unit 'default'
2021-07-30_18-25-24 [restartedMain] INFO  s.d.s.w.PropertySourcedRequestMappingHandlerMapping - Mapped URL path [/v2/api-docs] onto method [springfox.documentation.swagger2.web.Swagger2Controller#getDocumentation(String, HttpServletRequest)]
2021-07-30_18-25-24 [restartedMain] INFO  o.s.s.c.ThreadPoolTaskExecutor - Initializing ExecutorService 'applicationTaskExecutor'
2021-07-30_18-25-24 [restartedMain] INFO  o.a.coyote.http11.Http11NioProtocol - Starting ProtocolHandler ["http-nio-8200"]
2021-07-30_18-25-24 [restartedMain] INFO  o.s.b.w.e.tomcat.TomcatWebServer - Tomcat started on port(s): 8200 (http) with context path '/consumer-api'
2021-07-30_18-25-24 [restartedMain] INFO  s.d.s.w.p.DocumentationPluginsBootstrapper - Context refreshed
2021-07-30_18-25-24 [restartedMain] INFO  s.d.s.w.p.DocumentationPluginsBootstrapper - Found 1 custom documentation plugin(s)
2021-07-30_18-25-24 [restartedMain] INFO  s.d.s.w.s.ApiListingReferenceScanner - Scanning for api listing references
2021-07-30_18-25-24 [restartedMain] INFO  c.c.p.c.ConsumerMicroserviceApplication - Started ConsumerMicroserviceApplication in 9.737 seconds (JVM running for 10.934)
2021-07-30_18-25-24 [http-nio-8200-exec-1] INFO  o.a.c.c.C.[.[.[/consumer-api] - Initializing Spring DispatcherServlet 'dispatcherServlet'
2021-07-30_18-25-24 [http-nio-8200-exec-1] INFO  o.s.web.servlet.DispatcherServlet - Initializing Servlet 'dispatcherServlet'
2021-07-30_18-25-24 [http-nio-8200-exec-1] INFO  o.s.web.servlet.DispatcherServlet - Completed initialization in 21 ms
2021-07-30_18-25-24 [http-nio-8200-exec-1] INFO  c.c.p.c.c.ConsumerController - Start createConsumerBusiness
2021-07-30_18-25-24 [http-nio-8200-exec-1] INFO  c.c.p.c.service.ConsumerServiceImpl - Start checkBusinessEligibility
2021-07-30_18-25-24 [http-nio-8200-exec-1] INFO  c.c.p.c.service.ConsumerServiceImpl - End checkBusinessEligibility
2021-07-30_18-25-24 [http-nio-8200-exec-1] INFO  c.c.p.c.service.ConsumerServiceImpl - Start createConsumerBusiness Service
2021-07-30_18-25-24 [http-nio-8200-exec-1] INFO  c.c.p.c.service.ConsumerServiceImpl - Start CalBusinessValue
2021-07-30_18-25-24 [http-nio-8200-exec-1] INFO  c.c.p.c.service.ConsumerServiceImpl - End CalBusinessValue
2021-07-30_18-25-24 [http-nio-8200-exec-1] INFO  c.c.p.c.service.ConsumerServiceImpl - End createConsumerBusinessService
2021-07-30_18-25-24 [http-nio-8200-exec-1] INFO  c.c.p.c.c.ConsumerController - End createConsumerBusiness
2021-07-30_18-25-24 [http-nio-8200-exec-4] INFO  c.c.p.c.c.ConsumerController - Start viewConsumerBusiness
2021-07-30_18-25-24 [http-nio-8200-exec-4] INFO  c.c.p.c.service.ConsumerServiceImpl - Start viewConsumerBusinessService
2021-07-30_18-25-24 [http-nio-8200-exec-4] INFO  c.c.p.c.service.ConsumerServiceImpl - End viewConsumerBusinessService
2021-07-30_18-25-24 [http-nio-8200-exec-4] INFO  c.c.p.c.c.ConsumerController - End viewConsumerBusiness
2021-07-30_18-25-24 [http-nio-8200-exec-7] INFO  c.c.p.c.c.ConsumerController - Start createBusinessProperty
2021-07-30_18-25-24 [http-nio-8200-exec-7] INFO  c.c.p.c.service.ConsumerServiceImpl - Start checkPropertyEligibility
2021-07-30_18-25-24 [http-nio-8200-exec-7] INFO  c.c.p.c.service.ConsumerServiceImpl - End checkPropertyEligibility
2021-07-30_18-25-24 [http-nio-8200-exec-7] INFO  c.c.p.c.service.ConsumerServiceImpl - Start createConsumerBusinessService
2021-07-30_18-25-24 [http-nio-8200-exec-7] INFO  c.c.p.c.service.ConsumerServiceImpl - Start calPropertyValue
2021-07-30_18-25-24 [http-nio-8200-exec-7] INFO  c.c.p.c.service.ConsumerServiceImpl - End calPropertyValue
2021-07-30_18-25-24 [http-nio-8200-exec-7] INFO  c.c.p.c.service.ConsumerServiceImpl - End createConsumerBusinessService
2021-07-30_18-25-24 [http-nio-8200-exec-7] INFO  c.c.p.c.c.ConsumerController - End createBusinessProperty
2021-07-30_18-25-24 [http-nio-8200-exec-10] INFO  c.c.p.c.c.ConsumerController - Start viewConsumerProperty
2021-07-30_18-25-24 [http-nio-8200-exec-10] INFO  c.c.p.c.service.ConsumerServiceImpl - Start viewConsumerPropertyService
2021-07-30_18-25-24 [http-nio-8200-exec-10] INFO  c.c.p.c.service.ConsumerServiceImpl - End viewConsumerPropertyService
2021-07-30_18-25-24 [http-nio-8200-exec-10] INFO  c.c.p.c.c.ConsumerController - End viewConsumerProperty
2021-07-30_18-25-24 [http-nio-8200-exec-2] INFO  c.c.p.c.c.ConsumerController - Start viewConsumerBusinessByPolicy
2021-07-30_18-25-24 [http-nio-8200-exec-2] INFO  c.c.p.c.service.ConsumerServiceImpl - Start viewConsumerBusinessService
2021-07-30_18-25-24 [http-nio-8200-exec-2] INFO  c.c.p.c.service.ConsumerServiceImpl - End viewConsumerBusinessService
2021-07-30_18-25-24 [http-nio-8200-exec-2] INFO  c.c.p.c.c.ConsumerController - End viewConsumerBusinessByPolicy
