2021-08-03_09-24-13 [main] ERROR c.c.p.c.e.GlobalExceptionHandler - Not allowed
2021-08-03_09-24-13 [main] ERROR c.c.p.c.e.GlobalExceptionHandler - Not allowed
2021-08-03_09-24-13 [main] ERROR c.c.p.c.e.GlobalExceptionHandler - Not allowed
2021-08-03_09-24-13 [main] ERROR c.c.p.c.e.GlobalExceptionHandler - Not allowed
2021-08-03_09-24-13 [main] ERROR c.c.p.c.e.GlobalExceptionHandler - Not allowed
2021-08-03_09-24-13 [main] ERROR c.c.p.c.e.GlobalExceptionHandler - Not allowed
2021-08-03_09-24-13 [main] ERROR c.c.p.c.e.GlobalExceptionHandler - Not allowed
2021-08-03_09-24-13 [main] ERROR c.c.p.c.e.GlobalExceptionHandler - message
2021-08-03_09-24-13 [main] ERROR c.c.p.c.e.GlobalExceptionHandler - message
2021-08-03_09-24-13 [main] ERROR c.c.p.c.e.GlobalExceptionHandler - message
2021-08-03_09-24-13 [main] ERROR c.c.p.c.e.GlobalExceptionHandler - message
2021-08-03_09-35-16 [main] ERROR c.c.p.c.e.GlobalExceptionHandler - Not allowed
2021-08-03_09-35-16 [main] ERROR c.c.p.c.e.GlobalExceptionHandler - Not allowed
2021-08-03_09-35-16 [main] ERROR c.c.p.c.e.GlobalExceptionHandler - Not allowed
2021-08-03_09-35-16 [main] ERROR c.c.p.c.e.GlobalExceptionHandler - Not allowed
2021-08-03_09-35-16 [main] ERROR c.c.p.c.e.GlobalExceptionHandler - Not allowed
2021-08-03_09-35-16 [main] ERROR c.c.p.c.e.GlobalExceptionHandler - Not allowed
2021-08-03_09-35-16 [main] ERROR c.c.p.c.e.GlobalExceptionHandler - Not allowed
2021-08-03_09-35-55 [main] ERROR c.c.p.c.e.GlobalExceptionHandler - Not allowed
2021-08-03_09-35-55 [main] ERROR c.c.p.c.e.GlobalExceptionHandler - Not allowed
2021-08-03_09-35-55 [main] ERROR c.c.p.c.e.GlobalExceptionHandler - Not allowed
2021-08-03_09-35-55 [main] ERROR c.c.p.c.e.GlobalExceptionHandler - Not allowed
2021-08-03_09-35-55 [main] ERROR c.c.p.c.e.GlobalExceptionHandler - Not allowed
2021-08-03_09-35-55 [main] ERROR c.c.p.c.e.GlobalExceptionHandler - Not allowed
2021-08-03_09-35-55 [main] ERROR c.c.p.c.e.GlobalExceptionHandler - Not allowed
2021-08-03_09-35-55 [main] ERROR c.c.p.c.e.GlobalExceptionHandler - message
2021-08-03_09-35-55 [main] ERROR c.c.p.c.e.GlobalExceptionHandler - message
2021-08-03_09-35-55 [main] ERROR c.c.p.c.e.GlobalExceptionHandler - message
2021-08-03_09-35-55 [main] ERROR c.c.p.c.e.GlobalExceptionHandler - message
2021-08-03_09-40-02 [main] ERROR c.c.p.c.e.GlobalExceptionHandler - Not allowed
2021-08-03_09-40-02 [main] ERROR c.c.p.c.e.GlobalExceptionHandler - Not allowed
2021-08-03_09-40-02 [main] ERROR c.c.p.c.e.GlobalExceptionHandler - Not allowed
2021-08-03_09-40-02 [main] ERROR c.c.p.c.e.GlobalExceptionHandler - Not allowed
2021-08-03_09-40-02 [main] ERROR c.c.p.c.e.GlobalExceptionHandler - Not allowed
2021-08-03_09-40-02 [main] ERROR c.c.p.c.e.GlobalExceptionHandler - Not allowed
2021-08-03_09-40-02 [main] ERROR c.c.p.c.e.GlobalExceptionHandler - Not allowed
2021-08-03_09-43-04 [main] ERROR c.c.p.c.e.GlobalExceptionHandler - Not allowed
2021-08-03_09-43-04 [main] ERROR c.c.p.c.e.GlobalExceptionHandler - Not allowed
2021-08-03_09-43-04 [main] ERROR c.c.p.c.e.GlobalExceptionHandler - Not allowed
2021-08-03_09-43-04 [main] ERROR c.c.p.c.e.GlobalExceptionHandler - Not allowed
2021-08-03_09-43-04 [main] ERROR c.c.p.c.e.GlobalExceptionHandler - Not allowed
2021-08-03_09-43-04 [main] ERROR c.c.p.c.e.GlobalExceptionHandler - Not allowed
2021-08-03_09-43-04 [main] ERROR c.c.p.c.e.GlobalExceptionHandler - Not allowed
2021-08-03_10-05-14 [main] ERROR c.c.p.c.e.GlobalExceptionHandler - Not allowed
2021-08-03_10-05-14 [main] ERROR c.c.p.c.e.GlobalExceptionHandler - Not allowed
2021-08-03_10-05-14 [main] ERROR c.c.p.c.e.GlobalExceptionHandler - Not allowed
2021-08-03_10-05-14 [main] ERROR c.c.p.c.e.GlobalExceptionHandler - Not allowed
2021-08-03_10-05-14 [main] ERROR c.c.p.c.e.GlobalExceptionHandler - Not allowed
2021-08-03_10-05-14 [main] ERROR c.c.p.c.e.GlobalExceptionHandler - Not allowed
2021-08-03_10-05-14 [main] ERROR c.c.p.c.e.GlobalExceptionHandler - Not allowed
2021-08-03_10-05-39 [main] ERROR c.c.p.c.e.GlobalExceptionHandler - Not allowed
2021-08-03_10-05-39 [main] ERROR c.c.p.c.e.GlobalExceptionHandler - Not allowed
2021-08-03_10-05-39 [main] ERROR c.c.p.c.e.GlobalExceptionHandler - Not allowed
2021-08-03_10-05-39 [main] ERROR c.c.p.c.e.GlobalExceptionHandler - Not allowed
2021-08-03_10-05-39 [main] ERROR c.c.p.c.e.GlobalExceptionHandler - Not allowed
2021-08-03_10-05-39 [main] ERROR c.c.p.c.e.GlobalExceptionHandler - Not allowed
2021-08-03_10-05-39 [main] ERROR c.c.p.c.e.GlobalExceptionHandler - Not allowed
2021-08-03_10-05-39 [main] ERROR c.c.p.c.e.GlobalExceptionHandler - message
2021-08-03_10-05-39 [main] ERROR c.c.p.c.e.GlobalExceptionHandler - message
2021-08-03_10-05-39 [main] ERROR c.c.p.c.e.GlobalExceptionHandler - message
2021-08-03_10-05-39 [main] ERROR c.c.p.c.e.GlobalExceptionHandler - message
2021-08-03_10-07-13 [main] ERROR c.c.p.c.e.GlobalExceptionHandler - Not allowed
2021-08-03_10-07-13 [main] ERROR c.c.p.c.e.GlobalExceptionHandler - Not allowed
2021-08-03_10-07-13 [main] ERROR c.c.p.c.e.GlobalExceptionHandler - Not allowed
2021-08-03_10-07-13 [main] ERROR c.c.p.c.e.GlobalExceptionHandler - Not allowed
2021-08-03_10-07-13 [main] ERROR c.c.p.c.e.GlobalExceptionHandler - Not allowed
2021-08-03_10-07-13 [main] ERROR c.c.p.c.e.GlobalExceptionHandler - Not allowed
2021-08-03_10-07-13 [main] ERROR c.c.p.c.e.GlobalExceptionHandler - Not allowed
2021-08-03_10-09-18 [main] ERROR c.c.p.c.e.GlobalExceptionHandler - Not allowed
2021-08-03_10-09-18 [main] ERROR c.c.p.c.e.GlobalExceptionHandler - Not allowed
2021-08-03_10-09-18 [main] ERROR c.c.p.c.e.GlobalExceptionHandler - Not allowed
2021-08-03_10-09-18 [main] ERROR c.c.p.c.e.GlobalExceptionHandler - Not allowed
2021-08-03_10-09-18 [main] ERROR c.c.p.c.e.GlobalExceptionHandler - Not allowed
2021-08-03_10-09-18 [main] ERROR c.c.p.c.e.GlobalExceptionHandler - Not allowed
2021-08-03_10-09-18 [main] ERROR c.c.p.c.e.GlobalExceptionHandler - Not allowed
2021-08-03_10-10-44 [main] ERROR c.c.p.c.e.GlobalExceptionHandler - Not allowed
2021-08-03_10-10-44 [main] ERROR c.c.p.c.e.GlobalExceptionHandler - Not allowed
2021-08-03_10-10-44 [main] ERROR c.c.p.c.e.GlobalExceptionHandler - Not allowed
2021-08-03_10-10-44 [main] ERROR c.c.p.c.e.GlobalExceptionHandler - Not allowed
2021-08-03_10-10-44 [main] ERROR c.c.p.c.e.GlobalExceptionHandler - Not allowed
2021-08-03_10-10-44 [main] ERROR c.c.p.c.e.GlobalExceptionHandler - Not allowed
2021-08-03_10-10-44 [main] ERROR c.c.p.c.e.GlobalExceptionHandler - Not allowed
2021-08-03_10-21-13 [main] ERROR c.c.p.c.e.GlobalExceptionHandler - Not allowed
2021-08-03_10-21-13 [main] ERROR c.c.p.c.e.GlobalExceptionHandler - Not allowed
2021-08-03_10-21-13 [main] ERROR c.c.p.c.e.GlobalExceptionHandler - Not allowed
2021-08-03_10-21-13 [main] ERROR c.c.p.c.e.GlobalExceptionHandler - Not allowed
2021-08-03_10-21-13 [main] ERROR c.c.p.c.e.GlobalExceptionHandler - Not allowed
2021-08-03_10-21-13 [main] ERROR c.c.p.c.e.GlobalExceptionHandler - Not allowed
2021-08-03_10-21-13 [main] ERROR c.c.p.c.e.GlobalExceptionHandler - Not allowed
2021-08-03_10-25-18 [main] ERROR c.c.p.c.e.GlobalExceptionHandler - Not allowed
2021-08-03_10-25-18 [main] ERROR c.c.p.c.e.GlobalExceptionHandler - Not allowed
2021-08-03_10-25-18 [main] ERROR c.c.p.c.e.GlobalExceptionHandler - Not allowed
2021-08-03_10-25-18 [main] ERROR c.c.p.c.e.GlobalExceptionHandler - Not allowed
2021-08-03_10-25-18 [main] ERROR c.c.p.c.e.GlobalExceptionHandler - Not allowed
2021-08-03_10-25-18 [main] ERROR c.c.p.c.e.GlobalExceptionHandler - Not allowed
2021-08-03_10-25-18 [main] ERROR c.c.p.c.e.GlobalExceptionHandler - Not allowed
2021-08-03_10-26-22 [main] ERROR c.c.p.c.e.GlobalExceptionHandler - Not allowed
2021-08-03_10-26-22 [main] ERROR c.c.p.c.e.GlobalExceptionHandler - Not allowed
2021-08-03_10-26-22 [main] ERROR c.c.p.c.e.GlobalExceptionHandler - Not allowed
2021-08-03_10-26-22 [main] ERROR c.c.p.c.e.GlobalExceptionHandler - Not allowed
2021-08-03_10-26-22 [main] ERROR c.c.p.c.e.GlobalExceptionHandler - Not allowed
2021-08-03_10-26-22 [main] ERROR c.c.p.c.e.GlobalExceptionHandler - Not allowed
2021-08-03_10-26-22 [main] ERROR c.c.p.c.e.GlobalExceptionHandler - Not allowed
2021-08-03_10-31-28 [main] ERROR c.c.p.c.e.GlobalExceptionHandler - Not allowed
2021-08-03_10-31-28 [main] ERROR c.c.p.c.e.GlobalExceptionHandler - Not allowed
2021-08-03_10-31-28 [main] ERROR c.c.p.c.e.GlobalExceptionHandler - Not allowed
2021-08-03_10-31-28 [main] ERROR c.c.p.c.e.GlobalExceptionHandler - Not allowed
2021-08-03_10-31-28 [main] ERROR c.c.p.c.e.GlobalExceptionHandler - Not allowed
2021-08-03_10-31-28 [main] ERROR c.c.p.c.e.GlobalExceptionHandler - Not allowed
2021-08-03_10-31-28 [main] ERROR c.c.p.c.e.GlobalExceptionHandler - Not allowed
2021-08-03_11-21-56 [main] ERROR c.c.p.c.e.GlobalExceptionHandler - Not allowed
2021-08-03_11-21-56 [main] ERROR c.c.p.c.e.GlobalExceptionHandler - Not allowed
2021-08-03_11-21-56 [main] ERROR c.c.p.c.e.GlobalExceptionHandler - Not allowed
2021-08-03_11-21-56 [main] ERROR c.c.p.c.e.GlobalExceptionHandler - Not allowed
2021-08-03_11-21-56 [main] ERROR c.c.p.c.e.GlobalExceptionHandler - Not allowed
2021-08-03_11-21-56 [main] ERROR c.c.p.c.e.GlobalExceptionHandler - Not allowed
2021-08-03_11-21-56 [main] ERROR c.c.p.c.e.GlobalExceptionHandler - Not allowed
2021-08-03_11-24-39 [main] ERROR c.c.p.c.e.GlobalExceptionHandler - Not allowed
2021-08-03_11-24-39 [main] ERROR c.c.p.c.e.GlobalExceptionHandler - Not allowed
2021-08-03_11-24-39 [main] ERROR c.c.p.c.e.GlobalExceptionHandler - Not allowed
2021-08-03_11-24-39 [main] ERROR c.c.p.c.e.GlobalExceptionHandler - Not allowed
2021-08-03_11-24-39 [main] ERROR c.c.p.c.e.GlobalExceptionHandler - Not allowed
2021-08-03_11-24-39 [main] ERROR c.c.p.c.e.GlobalExceptionHandler - Not allowed
2021-08-03_11-24-39 [main] ERROR c.c.p.c.e.GlobalExceptionHandler - Not allowed
2021-08-03_11-29-00 [main] ERROR c.c.p.c.e.GlobalExceptionHandler - Not allowed
2021-08-03_11-29-00 [main] ERROR c.c.p.c.e.GlobalExceptionHandler - Not allowed
2021-08-03_11-29-00 [main] ERROR c.c.p.c.e.GlobalExceptionHandler - Not allowed
2021-08-03_11-29-00 [main] ERROR c.c.p.c.e.GlobalExceptionHandler - Not allowed
2021-08-03_11-29-00 [main] ERROR c.c.p.c.e.GlobalExceptionHandler - Not allowed
2021-08-03_11-29-00 [main] ERROR c.c.p.c.e.GlobalExceptionHandler - Not allowed
2021-08-03_11-29-00 [main] ERROR c.c.p.c.e.GlobalExceptionHandler - Not allowed
2021-08-03_11-30-10 [main] ERROR c.c.p.c.e.GlobalExceptionHandler - Not allowed
2021-08-03_11-30-10 [main] ERROR c.c.p.c.e.GlobalExceptionHandler - Not allowed
2021-08-03_11-30-10 [main] ERROR c.c.p.c.e.GlobalExceptionHandler - Not allowed
2021-08-03_11-30-10 [main] ERROR c.c.p.c.e.GlobalExceptionHandler - Not allowed
2021-08-03_11-30-10 [main] ERROR c.c.p.c.e.GlobalExceptionHandler - Not allowed
2021-08-03_11-30-10 [main] ERROR c.c.p.c.e.GlobalExceptionHandler - Not allowed
2021-08-03_11-30-10 [main] ERROR c.c.p.c.e.GlobalExceptionHandler - Not allowed
2021-08-03_11-31-31 [main] ERROR c.c.p.c.e.GlobalExceptionHandler - Not allowed
2021-08-03_11-31-31 [main] ERROR c.c.p.c.e.GlobalExceptionHandler - Not allowed
2021-08-03_11-31-31 [main] ERROR c.c.p.c.e.GlobalExceptionHandler - Not allowed
2021-08-03_11-31-31 [main] ERROR c.c.p.c.e.GlobalExceptionHandler - Not allowed
2021-08-03_11-31-31 [main] ERROR c.c.p.c.e.GlobalExceptionHandler - Not allowed
2021-08-03_11-31-31 [main] ERROR c.c.p.c.e.GlobalExceptionHandler - Not allowed
2021-08-03_11-31-31 [main] ERROR c.c.p.c.e.GlobalExceptionHandler - Not allowed
2021-08-03_11-31-55 [main] ERROR o.s.b.d.LoggingFailureAnalysisReporter - 

***************************
APPLICATION FAILED TO START
***************************

Description:

Web server failed to start. Port 8200 was already in use.

Action:

Identify and stop the process that's listening on port 8200 or configure this application to listen on another port.

2021-08-03_11-31-56 [main] ERROR c.c.p.c.e.GlobalExceptionHandler - Not allowed
2021-08-03_11-31-56 [main] ERROR c.c.p.c.e.GlobalExceptionHandler - Not allowed
2021-08-03_11-31-56 [main] ERROR c.c.p.c.e.GlobalExceptionHandler - Not allowed
2021-08-03_11-31-56 [main] ERROR c.c.p.c.e.GlobalExceptionHandler - Not allowed
2021-08-03_11-31-56 [main] ERROR c.c.p.c.e.GlobalExceptionHandler - Not allowed
2021-08-03_11-31-56 [main] ERROR c.c.p.c.e.GlobalExceptionHandler - Not allowed
2021-08-03_11-31-56 [main] ERROR c.c.p.c.e.GlobalExceptionHandler - Not allowed
2021-08-03_11-31-56 [main] ERROR c.c.p.c.e.GlobalExceptionHandler - message
2021-08-03_11-31-56 [main] ERROR c.c.p.c.e.GlobalExceptionHandler - message
2021-08-03_11-31-56 [main] ERROR c.c.p.c.e.GlobalExceptionHandler - message
2021-08-03_11-31-56 [main] ERROR c.c.p.c.e.GlobalExceptionHandler - message
2021-08-03_11-32-27 [main] ERROR c.c.p.c.e.GlobalExceptionHandler - Not allowed
2021-08-03_11-32-27 [main] ERROR c.c.p.c.e.GlobalExceptionHandler - Not allowed
2021-08-03_11-32-27 [main] ERROR c.c.p.c.e.GlobalExceptionHandler - Not allowed
2021-08-03_11-32-27 [main] ERROR c.c.p.c.e.GlobalExceptionHandler - Not allowed
2021-08-03_11-32-27 [main] ERROR c.c.p.c.e.GlobalExceptionHandler - Not allowed
2021-08-03_11-32-27 [main] ERROR c.c.p.c.e.GlobalExceptionHandler - Not allowed
2021-08-03_11-32-27 [main] ERROR c.c.p.c.e.GlobalExceptionHandler - Not allowed
2021-08-03_11-32-27 [main] ERROR c.c.p.c.e.GlobalExceptionHandler - message
2021-08-03_11-32-27 [main] ERROR c.c.p.c.e.GlobalExceptionHandler - message
2021-08-03_11-32-27 [main] ERROR c.c.p.c.e.GlobalExceptionHandler - message
2021-08-03_11-32-27 [main] ERROR c.c.p.c.e.GlobalExceptionHandler - message
2021-08-03_11-38-25 [main] ERROR c.c.p.c.e.GlobalExceptionHandler - Not allowed
2021-08-03_11-38-25 [main] ERROR c.c.p.c.e.GlobalExceptionHandler - Not allowed
2021-08-03_11-38-25 [main] ERROR c.c.p.c.e.GlobalExceptionHandler - Not allowed
2021-08-03_11-38-25 [main] ERROR c.c.p.c.e.GlobalExceptionHandler - Not allowed
2021-08-03_11-38-25 [main] ERROR c.c.p.c.e.GlobalExceptionHandler - Not allowed
2021-08-03_11-38-25 [main] ERROR c.c.p.c.e.GlobalExceptionHandler - Not allowed
2021-08-03_11-38-25 [main] ERROR c.c.p.c.e.GlobalExceptionHandler - Not allowed
2021-08-03_11-41-49 [main] ERROR c.c.p.c.e.GlobalExceptionHandler - Not allowed
2021-08-03_11-41-49 [main] ERROR c.c.p.c.e.GlobalExceptionHandler - Not allowed
2021-08-03_11-41-49 [main] ERROR c.c.p.c.e.GlobalExceptionHandler - Not allowed
2021-08-03_11-41-49 [main] ERROR c.c.p.c.e.GlobalExceptionHandler - Not allowed
2021-08-03_11-41-49 [main] ERROR c.c.p.c.e.GlobalExceptionHandler - Not allowed
2021-08-03_11-41-49 [main] ERROR c.c.p.c.e.GlobalExceptionHandler - Not allowed
2021-08-03_11-41-49 [main] ERROR c.c.p.c.e.GlobalExceptionHandler - Not allowed
2021-08-03_11-43-37 [main] ERROR c.c.p.c.e.GlobalExceptionHandler - Not allowed
2021-08-03_11-43-37 [main] ERROR c.c.p.c.e.GlobalExceptionHandler - Not allowed
2021-08-03_11-43-37 [main] ERROR c.c.p.c.e.GlobalExceptionHandler - Not allowed
2021-08-03_11-43-37 [main] ERROR c.c.p.c.e.GlobalExceptionHandler - Not allowed
2021-08-03_11-43-37 [main] ERROR c.c.p.c.e.GlobalExceptionHandler - Not allowed
2021-08-03_11-43-37 [main] ERROR c.c.p.c.e.GlobalExceptionHandler - Not allowed
2021-08-03_11-43-37 [main] ERROR c.c.p.c.e.GlobalExceptionHandler - Not allowed
2021-08-03_11-46-34 [main] ERROR c.c.p.c.e.GlobalExceptionHandler - Not allowed
2021-08-03_11-46-34 [main] ERROR c.c.p.c.e.GlobalExceptionHandler - Not allowed
2021-08-03_11-46-34 [main] ERROR c.c.p.c.e.GlobalExceptionHandler - Not allowed
2021-08-03_11-46-34 [main] ERROR c.c.p.c.e.GlobalExceptionHandler - Not allowed
2021-08-03_11-46-34 [main] ERROR c.c.p.c.e.GlobalExceptionHandler - Not allowed
2021-08-03_11-46-34 [main] ERROR c.c.p.c.e.GlobalExceptionHandler - Not allowed
2021-08-03_11-46-34 [main] ERROR c.c.p.c.e.GlobalExceptionHandler - Not allowed
2021-08-03_11-48-42 [main] ERROR c.c.p.c.e.GlobalExceptionHandler - Not allowed
2021-08-03_11-48-42 [main] ERROR c.c.p.c.e.GlobalExceptionHandler - Not allowed
2021-08-03_11-48-42 [main] ERROR c.c.p.c.e.GlobalExceptionHandler - Not allowed
2021-08-03_11-48-42 [main] ERROR c.c.p.c.e.GlobalExceptionHandler - Not allowed
2021-08-03_11-48-42 [main] ERROR c.c.p.c.e.GlobalExceptionHandler - Not allowed
2021-08-03_11-48-42 [main] ERROR c.c.p.c.e.GlobalExceptionHandler - Not allowed
2021-08-03_11-48-42 [main] ERROR c.c.p.c.e.GlobalExceptionHandler - Not allowed
2021-08-03_12-15-43 [main] ERROR o.s.b.d.LoggingFailureAnalysisReporter - 

***************************
APPLICATION FAILED TO START
***************************

Description:

Web server failed to start. Port 8200 was already in use.

Action:

Identify and stop the process that's listening on port 8200 or configure this application to listen on another port.

2021-08-03_12-15-44 [main] ERROR c.c.p.c.e.GlobalExceptionHandler - Not allowed
2021-08-03_12-15-44 [main] ERROR c.c.p.c.e.GlobalExceptionHandler - Not allowed
2021-08-03_12-15-44 [main] ERROR c.c.p.c.e.GlobalExceptionHandler - Not allowed
2021-08-03_12-15-44 [main] ERROR c.c.p.c.e.GlobalExceptionHandler - Not allowed
2021-08-03_12-15-44 [main] ERROR c.c.p.c.e.GlobalExceptionHandler - Not allowed
2021-08-03_12-15-44 [main] ERROR c.c.p.c.e.GlobalExceptionHandler - Not allowed
2021-08-03_12-15-44 [main] ERROR c.c.p.c.e.GlobalExceptionHandler - Not allowed
2021-08-03_12-15-44 [main] ERROR c.c.p.c.e.GlobalExceptionHandler - message
2021-08-03_12-15-44 [main] ERROR c.c.p.c.e.GlobalExceptionHandler - message
2021-08-03_12-15-44 [main] ERROR c.c.p.c.e.GlobalExceptionHandler - message
2021-08-03_12-15-44 [main] ERROR c.c.p.c.e.GlobalExceptionHandler - message
2021-08-03_12-16-34 [main] ERROR c.c.p.c.e.GlobalExceptionHandler - Not allowed
2021-08-03_12-16-34 [main] ERROR c.c.p.c.e.GlobalExceptionHandler - Not allowed
2021-08-03_12-16-34 [main] ERROR c.c.p.c.e.GlobalExceptionHandler - Not allowed
2021-08-03_12-16-34 [main] ERROR c.c.p.c.e.GlobalExceptionHandler - Not allowed
2021-08-03_12-16-34 [main] ERROR c.c.p.c.e.GlobalExceptionHandler - Not allowed
2021-08-03_12-16-34 [main] ERROR c.c.p.c.e.GlobalExceptionHandler - Not allowed
2021-08-03_12-16-34 [main] ERROR c.c.p.c.e.GlobalExceptionHandler - Not allowed
2021-08-03_12-16-34 [main] ERROR c.c.p.c.e.GlobalExceptionHandler - message
2021-08-03_12-16-34 [main] ERROR c.c.p.c.e.GlobalExceptionHandler - message
2021-08-03_12-16-34 [main] ERROR c.c.p.c.e.GlobalExceptionHandler - message
2021-08-03_12-16-34 [main] ERROR c.c.p.c.e.GlobalExceptionHandler - message
2021-08-03_12-23-51 [main] ERROR c.c.p.c.e.GlobalExceptionHandler - Not allowed
2021-08-03_12-23-51 [main] ERROR c.c.p.c.e.GlobalExceptionHandler - Not allowed
2021-08-03_12-23-51 [main] ERROR c.c.p.c.e.GlobalExceptionHandler - Not allowed
2021-08-03_12-23-51 [main] ERROR c.c.p.c.e.GlobalExceptionHandler - Not allowed
2021-08-03_12-23-51 [main] ERROR c.c.p.c.e.GlobalExceptionHandler - Not allowed
2021-08-03_12-23-51 [main] ERROR c.c.p.c.e.GlobalExceptionHandler - Not allowed
2021-08-03_12-23-51 [main] ERROR c.c.p.c.e.GlobalExceptionHandler - Not allowed
2021-08-03_12-25-30 [main] ERROR c.c.p.c.e.GlobalExceptionHandler - Not allowed
2021-08-03_12-25-30 [main] ERROR c.c.p.c.e.GlobalExceptionHandler - Not allowed
2021-08-03_12-25-30 [main] ERROR c.c.p.c.e.GlobalExceptionHandler - Not allowed
2021-08-03_12-25-30 [main] ERROR c.c.p.c.e.GlobalExceptionHandler - Not allowed
2021-08-03_12-25-30 [main] ERROR c.c.p.c.e.GlobalExceptionHandler - Not allowed
2021-08-03_12-25-30 [main] ERROR c.c.p.c.e.GlobalExceptionHandler - Not allowed
2021-08-03_12-25-30 [main] ERROR c.c.p.c.e.GlobalExceptionHandler - Not allowed
2021-08-03_12-27-56 [main] ERROR c.c.p.c.e.GlobalExceptionHandler - Not allowed
2021-08-03_12-27-56 [main] ERROR c.c.p.c.e.GlobalExceptionHandler - Not allowed
2021-08-03_12-27-56 [main] ERROR c.c.p.c.e.GlobalExceptionHandler - Not allowed
2021-08-03_12-27-56 [main] ERROR c.c.p.c.e.GlobalExceptionHandler - Not allowed
2021-08-03_12-27-56 [main] ERROR c.c.p.c.e.GlobalExceptionHandler - Not allowed
2021-08-03_12-27-56 [main] ERROR c.c.p.c.e.GlobalExceptionHandler - Not allowed
2021-08-03_12-27-56 [main] ERROR c.c.p.c.e.GlobalExceptionHandler - Not allowed
2021-08-03_12-28-19 [main] ERROR c.c.p.c.e.GlobalExceptionHandler - Not allowed
2021-08-03_12-28-19 [main] ERROR c.c.p.c.e.GlobalExceptionHandler - Not allowed
2021-08-03_12-28-19 [main] ERROR c.c.p.c.e.GlobalExceptionHandler - Not allowed
2021-08-03_12-28-19 [main] ERROR c.c.p.c.e.GlobalExceptionHandler - Not allowed
2021-08-03_12-28-19 [main] ERROR c.c.p.c.e.GlobalExceptionHandler - Not allowed
2021-08-03_12-28-19 [main] ERROR c.c.p.c.e.GlobalExceptionHandler - Not allowed
2021-08-03_12-28-19 [main] ERROR c.c.p.c.e.GlobalExceptionHandler - Not allowed
2021-08-03_12-28-19 [main] ERROR c.c.p.c.e.GlobalExceptionHandler - message
2021-08-03_12-28-19 [main] ERROR c.c.p.c.e.GlobalExceptionHandler - message
2021-08-03_12-28-19 [main] ERROR c.c.p.c.e.GlobalExceptionHandler - message
2021-08-03_12-28-19 [main] ERROR c.c.p.c.e.GlobalExceptionHandler - message
2021-08-03_12-34-25 [main] ERROR c.c.p.c.e.GlobalExceptionHandler - Not allowed
2021-08-03_12-34-25 [main] ERROR c.c.p.c.e.GlobalExceptionHandler - Not allowed
2021-08-03_12-34-25 [main] ERROR c.c.p.c.e.GlobalExceptionHandler - Not allowed
2021-08-03_12-34-25 [main] ERROR c.c.p.c.e.GlobalExceptionHandler - Not allowed
2021-08-03_12-34-25 [main] ERROR c.c.p.c.e.GlobalExceptionHandler - Not allowed
2021-08-03_12-34-25 [main] ERROR c.c.p.c.e.GlobalExceptionHandler - Not allowed
2021-08-03_12-34-25 [main] ERROR c.c.p.c.e.GlobalExceptionHandler - Not allowed
2021-08-03_12-38-20 [main] ERROR c.c.p.c.e.GlobalExceptionHandler - Not allowed
2021-08-03_12-38-20 [main] ERROR c.c.p.c.e.GlobalExceptionHandler - Not allowed
2021-08-03_12-38-20 [main] ERROR c.c.p.c.e.GlobalExceptionHandler - Not allowed
2021-08-03_12-38-20 [main] ERROR c.c.p.c.e.GlobalExceptionHandler - Not allowed
2021-08-03_12-38-20 [main] ERROR c.c.p.c.e.GlobalExceptionHandler - Not allowed
2021-08-03_12-38-20 [main] ERROR c.c.p.c.e.GlobalExceptionHandler - Not allowed
2021-08-03_12-38-20 [main] ERROR c.c.p.c.e.GlobalExceptionHandler - Not allowed
2021-08-03_12-39-46 [main] ERROR c.c.p.c.e.GlobalExceptionHandler - Not allowed
2021-08-03_12-39-46 [main] ERROR c.c.p.c.e.GlobalExceptionHandler - Not allowed
2021-08-03_12-39-46 [main] ERROR c.c.p.c.e.GlobalExceptionHandler - Not allowed
2021-08-03_12-39-46 [main] ERROR c.c.p.c.e.GlobalExceptionHandler - Not allowed
2021-08-03_12-39-46 [main] ERROR c.c.p.c.e.GlobalExceptionHandler - Not allowed
2021-08-03_12-39-46 [main] ERROR c.c.p.c.e.GlobalExceptionHandler - Not allowed
2021-08-03_12-39-46 [main] ERROR c.c.p.c.e.GlobalExceptionHandler - Not allowed
2021-08-03_12-39-46 [main] ERROR c.c.p.c.e.GlobalExceptionHandler - message
2021-08-03_12-39-46 [main] ERROR c.c.p.c.e.GlobalExceptionHandler - message
2021-08-03_12-39-46 [main] ERROR c.c.p.c.e.GlobalExceptionHandler - message
2021-08-03_12-39-46 [main] ERROR c.c.p.c.e.GlobalExceptionHandler - message
2021-08-03_12-58-04 [main] ERROR c.c.p.c.e.GlobalExceptionHandler - Not allowed
2021-08-03_12-58-04 [main] ERROR c.c.p.c.e.GlobalExceptionHandler - Not allowed
2021-08-03_12-58-04 [main] ERROR c.c.p.c.e.GlobalExceptionHandler - Not allowed
2021-08-03_12-58-04 [main] ERROR c.c.p.c.e.GlobalExceptionHandler - Not allowed
2021-08-03_12-58-04 [main] ERROR c.c.p.c.e.GlobalExceptionHandler - Not allowed
2021-08-03_12-58-04 [main] ERROR c.c.p.c.e.GlobalExceptionHandler - Not allowed
2021-08-03_12-58-04 [main] ERROR c.c.p.c.e.GlobalExceptionHandler - Not allowed
2021-08-03_12-59-07 [main] ERROR c.c.p.c.e.GlobalExceptionHandler - Not allowed
2021-08-03_12-59-07 [main] ERROR c.c.p.c.e.GlobalExceptionHandler - Not allowed
2021-08-03_12-59-07 [main] ERROR c.c.p.c.e.GlobalExceptionHandler - Not allowed
2021-08-03_12-59-07 [main] ERROR c.c.p.c.e.GlobalExceptionHandler - Not allowed
2021-08-03_12-59-07 [main] ERROR c.c.p.c.e.GlobalExceptionHandler - Not allowed
2021-08-03_12-59-07 [main] ERROR c.c.p.c.e.GlobalExceptionHandler - Not allowed
2021-08-03_12-59-07 [main] ERROR c.c.p.c.e.GlobalExceptionHandler - Not allowed
2021-08-03_13-01-30 [main] ERROR c.c.p.c.e.GlobalExceptionHandler - Not allowed
2021-08-03_13-01-30 [main] ERROR c.c.p.c.e.GlobalExceptionHandler - Not allowed
2021-08-03_13-01-30 [main] ERROR c.c.p.c.e.GlobalExceptionHandler - Not allowed
2021-08-03_13-01-30 [main] ERROR c.c.p.c.e.GlobalExceptionHandler - Not allowed
2021-08-03_13-01-30 [main] ERROR c.c.p.c.e.GlobalExceptionHandler - Not allowed
2021-08-03_13-01-30 [main] ERROR c.c.p.c.e.GlobalExceptionHandler - Not allowed
2021-08-03_13-01-30 [main] ERROR c.c.p.c.e.GlobalExceptionHandler - Not allowed
2021-08-03_13-03-01 [main] ERROR c.c.p.c.e.GlobalExceptionHandler - Not allowed
2021-08-03_13-03-01 [main] ERROR c.c.p.c.e.GlobalExceptionHandler - Not allowed
2021-08-03_13-03-01 [main] ERROR c.c.p.c.e.GlobalExceptionHandler - Not allowed
2021-08-03_13-03-01 [main] ERROR c.c.p.c.e.GlobalExceptionHandler - Not allowed
2021-08-03_13-03-01 [main] ERROR c.c.p.c.e.GlobalExceptionHandler - Not allowed
2021-08-03_13-03-01 [main] ERROR c.c.p.c.e.GlobalExceptionHandler - Not allowed
2021-08-03_13-03-01 [main] ERROR c.c.p.c.e.GlobalExceptionHandler - Not allowed
2021-08-03_13-03-27 [main] ERROR c.c.p.c.e.GlobalExceptionHandler - Not allowed
2021-08-03_13-03-27 [main] ERROR c.c.p.c.e.GlobalExceptionHandler - Not allowed
2021-08-03_13-03-27 [main] ERROR c.c.p.c.e.GlobalExceptionHandler - Not allowed
2021-08-03_13-03-27 [main] ERROR c.c.p.c.e.GlobalExceptionHandler - Not allowed
2021-08-03_13-03-27 [main] ERROR c.c.p.c.e.GlobalExceptionHandler - Not allowed
2021-08-03_13-03-27 [main] ERROR c.c.p.c.e.GlobalExceptionHandler - Not allowed
2021-08-03_13-03-27 [main] ERROR c.c.p.c.e.GlobalExceptionHandler - Not allowed
2021-08-03_13-03-27 [main] ERROR c.c.p.c.e.GlobalExceptionHandler - message
2021-08-03_13-03-27 [main] ERROR c.c.p.c.e.GlobalExceptionHandler - message
2021-08-03_13-03-27 [main] ERROR c.c.p.c.e.GlobalExceptionHandler - message
2021-08-03_13-03-27 [main] ERROR c.c.p.c.e.GlobalExceptionHandler - message
2021-08-03_13-07-35 [main] ERROR c.c.p.c.e.GlobalExceptionHandler - Not allowed
2021-08-03_13-07-35 [main] ERROR c.c.p.c.e.GlobalExceptionHandler - Not allowed
2021-08-03_13-07-35 [main] ERROR c.c.p.c.e.GlobalExceptionHandler - Not allowed
2021-08-03_13-07-35 [main] ERROR c.c.p.c.e.GlobalExceptionHandler - Not allowed
2021-08-03_13-07-35 [main] ERROR c.c.p.c.e.GlobalExceptionHandler - Not allowed
2021-08-03_13-07-35 [main] ERROR c.c.p.c.e.GlobalExceptionHandler - Not allowed
2021-08-03_13-07-35 [main] ERROR c.c.p.c.e.GlobalExceptionHandler - Not allowed
2021-08-03_13-08-05 [main] ERROR c.c.p.c.e.GlobalExceptionHandler - Not allowed
2021-08-03_13-08-05 [main] ERROR c.c.p.c.e.GlobalExceptionHandler - Not allowed
2021-08-03_13-08-05 [main] ERROR c.c.p.c.e.GlobalExceptionHandler - Not allowed
2021-08-03_13-08-05 [main] ERROR c.c.p.c.e.GlobalExceptionHandler - Not allowed
2021-08-03_13-08-05 [main] ERROR c.c.p.c.e.GlobalExceptionHandler - Not allowed
2021-08-03_13-08-05 [main] ERROR c.c.p.c.e.GlobalExceptionHandler - Not allowed
2021-08-03_13-08-05 [main] ERROR c.c.p.c.e.GlobalExceptionHandler - Not allowed
2021-08-03_13-08-05 [main] ERROR c.c.p.c.e.GlobalExceptionHandler - message
2021-08-03_13-08-05 [main] ERROR c.c.p.c.e.GlobalExceptionHandler - message
2021-08-03_13-08-05 [main] ERROR c.c.p.c.e.GlobalExceptionHandler - message
2021-08-03_13-08-05 [main] ERROR c.c.p.c.e.GlobalExceptionHandler - message
2021-08-03_14-10-10 [main] ERROR c.c.p.c.e.GlobalExceptionHandler - Not allowed
2021-08-03_14-10-10 [main] ERROR c.c.p.c.e.GlobalExceptionHandler - Not allowed
2021-08-03_14-10-10 [main] ERROR c.c.p.c.e.GlobalExceptionHandler - Not allowed
2021-08-03_14-10-10 [main] ERROR c.c.p.c.e.GlobalExceptionHandler - Not allowed
2021-08-03_14-10-10 [main] ERROR c.c.p.c.e.GlobalExceptionHandler - Not allowed
2021-08-03_14-10-10 [main] ERROR c.c.p.c.e.GlobalExceptionHandler - Not allowed
2021-08-03_14-10-10 [main] ERROR c.c.p.c.e.GlobalExceptionHandler - Not allowed
2021-08-03_14-10-10 [main] ERROR c.c.p.c.e.GlobalExceptionHandler - message
2021-08-03_14-10-10 [main] ERROR c.c.p.c.e.GlobalExceptionHandler - message
2021-08-03_14-10-10 [main] ERROR c.c.p.c.e.GlobalExceptionHandler - message
2021-08-03_14-10-10 [main] ERROR c.c.p.c.e.GlobalExceptionHandler - message
